;  LST file generated by mikroListExporter - v.2.0 
; Date/Time: 5/9/2022 11:34:39 AM
;----------------------------------------------

;Address Opcode 	ASM
0x0000	0x2BA9      	GOTO       937
_interrupt:
0x0004	0x00FF      	MOVWF      R15
0x0005	0x0E03      	SWAPF      STATUS, 0
0x0006	0x0183      	CLRF       STATUS
0x0007	0x1683      	BSF        STATUS, 5
0x0008	0x00D6      	MOVWF      ___saveSTATUS
0x0009	0x080A      	MOVF       PCLATH, 0
0x000A	0x00D7      	MOVWF      ___savePCLATH
0x000B	0x018A      	CLRF       PCLATH
0x000C	0x0870      	MOVF       R0, 0
0x000D	0x1283      	BCF        STATUS, 5
0x000E	0x00A0      	MOVWF      32
;lcd.c,97 :: 		void interrupt()
;lcd.c,99 :: 		if((INTCON.RBIF)&&(INTCON.RBIE)){
0x000F	0x1C0B      	BTFSS      INTCON, 0
0x0010	0x2838      	GOTO       L_interrupt13
0x0011	0x1D8B      	BTFSS      INTCON, 3
0x0012	0x2838      	GOTO       L_interrupt13
L__interrupt59:
;lcd.c,100 :: 		if(portb.RB4==1){
0x0013	0x1E06      	BTFSS      PORTB, 4
0x0014	0x281C      	GOTO       L_interrupt14
;lcd.c,101 :: 		testArrosage=1;
0x0015	0x3001      	MOVLW      1
0x0016	0x1683      	BSF        STATUS, 5
0x0017	0x00B6      	MOVWF      _testArrosage
0x0018	0x3000      	MOVLW      0
0x0019	0x00B7      	MOVWF      _testArrosage+1
;lcd.c,102 :: 		portd.rd6=1;
0x001A	0x1283      	BCF        STATUS, 5
0x001B	0x1708      	BSF        PORTD, 6
;lcd.c,103 :: 		}
L_interrupt14:
;lcd.c,105 :: 		if(portb.rb4==0){
0x001C	0x1A06      	BTFSC      PORTB, 4
0x001D	0x2823      	GOTO       L_interrupt15
;lcd.c,106 :: 		testArrosage=0;
0x001E	0x1683      	BSF        STATUS, 5
0x001F	0x01B6      	CLRF       _testArrosage
0x0020	0x01B7      	CLRF       _testArrosage+1
;lcd.c,107 :: 		portd.rd6=0;
0x0021	0x1283      	BCF        STATUS, 5
0x0022	0x1308      	BCF        PORTD, 6
;lcd.c,109 :: 		}
L_interrupt15:
;lcd.c,111 :: 		if(portb.RB5==1){
0x0023	0x1E86      	BTFSS      PORTB, 5
0x0024	0x2831      	GOTO       L_interrupt16
;lcd.c,112 :: 		consulterTest=1;
0x0025	0x3001      	MOVLW      1
0x0026	0x1683      	BSF        STATUS, 5
0x0027	0x00A2      	MOVWF      _consulterTest
0x0028	0x3000      	MOVLW      0
0x0029	0x00A3      	MOVWF      _consulterTest+1
;lcd.c,113 :: 		TMR0= 0;
0x002A	0x1283      	BCF        STATUS, 5
0x002B	0x0181      	CLRF       TMR0
;lcd.c,114 :: 		timerConsulter=915; //1 minute
0x002C	0x3093      	MOVLW      147
0x002D	0x1683      	BSF        STATUS, 5
0x002E	0x00A0      	MOVWF      _timerConsulter
0x002F	0x3003      	MOVLW      3
0x0030	0x00A1      	MOVWF      _timerConsulter+1
;lcd.c,115 :: 		}
L_interrupt16:
;lcd.c,117 :: 		if(portb.RB5==0){
0x0031	0x1283      	BCF        STATUS, 5
0x0032	0x1A86      	BTFSC      PORTB, 5
0x0033	0x2837      	GOTO       L_interrupt17
;lcd.c,118 :: 		consulterTest=0;
0x0034	0x1683      	BSF        STATUS, 5
0x0035	0x01A2      	CLRF       _consulterTest
0x0036	0x01A3      	CLRF       _consulterTest+1
;lcd.c,119 :: 		}
L_interrupt17:
;lcd.c,121 :: 		intcon.RBIF=0;
0x0037	0x100B      	BCF        INTCON, 0
;lcd.c,123 :: 		}
L_interrupt13:
;lcd.c,125 :: 		if((INTCON.INTF)&&(INTCON.INTE))
0x0038	0x1C8B      	BTFSS      INTCON, 1
0x0039	0x2842      	GOTO       L_interrupt20
0x003A	0x1E0B      	BTFSS      INTCON, 4
0x003B	0x2842      	GOTO       L_interrupt20
L__interrupt58:
;lcd.c,127 :: 		if(portb.rb0==1){
0x003C	0x1283      	BCF        STATUS, 5
0x003D	0x1C06      	BTFSS      PORTB, 0
0x003E	0x2841      	GOTO       L_interrupt21
;lcd.c,128 :: 		portd.rd6=0;
0x003F	0x1308      	BCF        PORTD, 6
;lcd.c,129 :: 		}else{
0x0040	0x2842      	GOTO       L_interrupt22
L_interrupt21:
;lcd.c,130 :: 		intcon.INTF=0;
0x0041	0x108B      	BCF        INTCON, 1
;lcd.c,131 :: 		}
L_interrupt22:
;lcd.c,133 :: 		}
L_interrupt20:
;lcd.c,136 :: 		if(INTCON.T0IF){
0x0042	0x1D0B      	BTFSS      INTCON, 2
0x0043	0x2866      	GOTO       L_interrupt23
;lcd.c,137 :: 		TMR0= 0;
0x0044	0x1283      	BCF        STATUS, 5
0x0045	0x0181      	CLRF       TMR0
;lcd.c,138 :: 		if(timerBippeur>=0){
0x0046	0x3080      	MOVLW      128
0x0047	0x1683      	BSF        STATUS, 5
0x0048	0x0625      	XORWF      _timerBippeur+1, 0
0x0049	0x00F0      	MOVWF      R0
0x004A	0x3080      	MOVLW      128
0x004B	0x0270      	SUBWF      R0, 0
0x004C	0x1D03      	BTFSS      STATUS, 2
0x004D	0x2850      	GOTO       L__interrupt80
0x004E	0x3000      	MOVLW      0
0x004F	0x0224      	SUBWF      _timerBippeur, 0
L__interrupt80:
0x0050	0x1C03      	BTFSS      STATUS, 0
0x0051	0x2856      	GOTO       L_interrupt24
;lcd.c,139 :: 		timerBippeur--;
0x0052	0x3001      	MOVLW      1
0x0053	0x02A4      	SUBWF      _timerBippeur, 1
0x0054	0x1C03      	BTFSS      STATUS, 0
0x0055	0x03A5      	DECF       _timerBippeur+1, 1
;lcd.c,140 :: 		}
L_interrupt24:
;lcd.c,141 :: 		if(timerConsulter>=0){
0x0056	0x3080      	MOVLW      128
0x0057	0x0621      	XORWF      _timerConsulter+1, 0
0x0058	0x00F0      	MOVWF      R0
0x0059	0x3080      	MOVLW      128
0x005A	0x0270      	SUBWF      R0, 0
0x005B	0x1D03      	BTFSS      STATUS, 2
0x005C	0x285F      	GOTO       L__interrupt81
0x005D	0x3000      	MOVLW      0
0x005E	0x0220      	SUBWF      _timerConsulter, 0
L__interrupt81:
0x005F	0x1C03      	BTFSS      STATUS, 0
0x0060	0x2865      	GOTO       L_interrupt25
;lcd.c,142 :: 		timerConsulter--;
0x0061	0x3001      	MOVLW      1
0x0062	0x02A0      	SUBWF      _timerConsulter, 1
0x0063	0x1C03      	BTFSS      STATUS, 0
0x0064	0x03A1      	DECF       _timerConsulter+1, 1
;lcd.c,143 :: 		}
L_interrupt25:
;lcd.c,144 :: 		INTCON.T0IF=0;
0x0065	0x110B      	BCF        INTCON, 2
;lcd.c,145 :: 		}
L_interrupt23:
;lcd.c,146 :: 		}
L_end_interrupt:
L__interrupt79:
0x0066	0x1283      	BCF        STATUS, 5
0x0067	0x0820      	MOVF       32, 0
0x0068	0x00F0      	MOVWF      R0
0x0069	0x1683      	BSF        STATUS, 5
0x006A	0x0857      	MOVF       ___savePCLATH, 0
0x006B	0x008A      	MOVWF      PCLATH
0x006C	0x0E56      	SWAPF      ___saveSTATUS, 0
0x006D	0x0083      	MOVWF      STATUS
0x006E	0x0EFF      	SWAPF      R15, 1
0x006F	0x0E7F      	SWAPF      R15, 0
0x0070	0x0009      	RETFIE
; end of _interrupt
_Delay_50us:
;__Lib_Delays.c,19 :: 		void Delay_50us() {
;__Lib_Delays.c,20 :: 		Delay_us(50);
0x0071	0x3010      	MOVLW      16
0x0072	0x1283      	BCF        STATUS, 5
0x0073	0x1303      	BCF        STATUS, 6
0x0074	0x00FD      	MOVWF      R13
L_Delay_50us2:
0x0075	0x0BFD      	DECFSZ     R13, 1
0x0076	0x2875      	GOTO       L_Delay_50us2
0x0077	0x0000      	NOP
;__Lib_Delays.c,21 :: 		}
L_end_Delay_50us:
0x0078	0x0008      	RETURN
; end of _Delay_50us
_Delay_5500us:
;__Lib_Delays.c,31 :: 		void Delay_5500us() {
;__Lib_Delays.c,32 :: 		Delay_us(5500);
0x0079	0x3008      	MOVLW      8
0x007A	0x1283      	BCF        STATUS, 5
0x007B	0x1303      	BCF        STATUS, 6
0x007C	0x00FC      	MOVWF      R12
0x007D	0x3023      	MOVLW      35
0x007E	0x00FD      	MOVWF      R13
L_Delay_5500us5:
0x007F	0x0BFD      	DECFSZ     R13, 1
0x0080	0x287F      	GOTO       L_Delay_5500us5
0x0081	0x0BFC      	DECFSZ     R12, 1
0x0082	0x287F      	GOTO       L_Delay_5500us5
;__Lib_Delays.c,33 :: 		}
L_end_Delay_5500us:
0x0083	0x0008      	RETURN
; end of _Delay_5500us
_Delay_1us:
;__Lib_Delays.c,7 :: 		void Delay_1us() {
;__Lib_Delays.c,8 :: 		Delay_us(1);
0x0084	0x0000      	NOP
;__Lib_Delays.c,9 :: 		}
L_end_Delay_1us:
0x0085	0x0008      	RETURN
; end of _Delay_1us
_Div_16X16_U:
;__Lib_Math.c,215 :: 		
;__Lib_Math.c,222 :: 		
0x0086	0x1283      	BCF        STATUS, 5
;__Lib_Math.c,223 :: 		
0x0087	0x1303      	BCF        STATUS, 6
;__Lib_Math.c,224 :: 		
0x0088	0x01F8      	CLRF       R8
;__Lib_Math.c,225 :: 		
0x0089	0x01F9      	CLRF       R9
;__Lib_Math.c,226 :: 		
0x008A	0x3010      	MOVLW      16
;__Lib_Math.c,227 :: 		
0x008B	0x00FC      	MOVWF      R12
;__Lib_Math.c,228 :: 		
0x008C	0x0D71      	RLF        R1, 0
;__Lib_Math.c,229 :: 		
0x008D	0x0DF8      	RLF        R8, 1
;__Lib_Math.c,230 :: 		
0x008E	0x0DF9      	RLF        R9, 1
;__Lib_Math.c,231 :: 		
0x008F	0x0874      	MOVF       R4, 0
;__Lib_Math.c,232 :: 		
0x0090	0x02F8      	SUBWF      R8, 1
;__Lib_Math.c,233 :: 		
0x0091	0x0875      	MOVF       R5, 0
;__Lib_Math.c,234 :: 		
0x0092	0x1C03      	BTFSS      STATUS, 0
;__Lib_Math.c,235 :: 		
0x0093	0x0F75      	INCFSZ     R5, 0
;__Lib_Math.c,236 :: 		
0x0094	0x02F9      	SUBWF      R9, 1
;__Lib_Math.c,237 :: 		
0x0095	0x1803      	BTFSC      STATUS, 0
;__Lib_Math.c,238 :: 		
0x0096	0x289E      	GOTO       $+8
;__Lib_Math.c,239 :: 		
0x0097	0x0874      	MOVF       R4, 0
;__Lib_Math.c,240 :: 		
0x0098	0x07F8      	ADDWF      R8, 1
;__Lib_Math.c,241 :: 		
0x0099	0x0875      	MOVF       R5, 0
;__Lib_Math.c,242 :: 		
0x009A	0x1803      	BTFSC      STATUS, 0
;__Lib_Math.c,243 :: 		
0x009B	0x0F75      	INCFSZ     R5, 0
;__Lib_Math.c,244 :: 		
0x009C	0x07F9      	ADDWF      R9, 1
;__Lib_Math.c,245 :: 		
0x009D	0x1003      	BCF        STATUS, 0
;__Lib_Math.c,246 :: 		
0x009E	0x0DF0      	RLF        R0, 1
;__Lib_Math.c,247 :: 		
0x009F	0x0DF1      	RLF        R1, 1
;__Lib_Math.c,248 :: 		
0x00A0	0x0BFC      	DECFSZ     R12, 1
;__Lib_Math.c,249 :: 		
0x00A1	0x288C      	GOTO       $-21
;__Lib_Math.c,251 :: 		
L_end_Div_16X16_U:
0x00A2	0x0008      	RETURN
; end of _Div_16X16_U
_Lcd_Cmd:
;__Lib_Lcd.c,18 :: 		
;__Lib_Lcd.c,20 :: 		
0x00A3	0x1683      	BSF        STATUS, 5
0x00A4	0x1303      	BCF        STATUS, 6
0x00A5	0x1BE8      	BTFSC      FARG_Lcd_Cmd_out_char, 7
0x00A6	0x28AA      	GOTO       L__Lcd_Cmd21
0x00A7	0x1283      	BCF        STATUS, 5
0x00A8	0x1108      	BCF        LCD_D7, BitPos(LCD_D7+0)
0x00A9	0x28AC      	GOTO       L__Lcd_Cmd22
L__Lcd_Cmd21:
0x00AA	0x1283      	BCF        STATUS, 5
0x00AB	0x1508      	BSF        LCD_D7, BitPos(LCD_D7+0)
L__Lcd_Cmd22:
;__Lib_Lcd.c,21 :: 		
0x00AC	0x1683      	BSF        STATUS, 5
0x00AD	0x1B68      	BTFSC      FARG_Lcd_Cmd_out_char, 6
0x00AE	0x28B2      	GOTO       L__Lcd_Cmd23
0x00AF	0x1283      	BCF        STATUS, 5
0x00B0	0x1188      	BCF        LCD_D6, BitPos(LCD_D6+0)
0x00B1	0x28B4      	GOTO       L__Lcd_Cmd24
L__Lcd_Cmd23:
0x00B2	0x1283      	BCF        STATUS, 5
0x00B3	0x1588      	BSF        LCD_D6, BitPos(LCD_D6+0)
L__Lcd_Cmd24:
;__Lib_Lcd.c,22 :: 		
0x00B4	0x1683      	BSF        STATUS, 5
0x00B5	0x1AE8      	BTFSC      FARG_Lcd_Cmd_out_char, 5
0x00B6	0x28BA      	GOTO       L__Lcd_Cmd25
0x00B7	0x1283      	BCF        STATUS, 5
0x00B8	0x1208      	BCF        LCD_D5, BitPos(LCD_D5+0)
0x00B9	0x28BC      	GOTO       L__Lcd_Cmd26
L__Lcd_Cmd25:
0x00BA	0x1283      	BCF        STATUS, 5
0x00BB	0x1608      	BSF        LCD_D5, BitPos(LCD_D5+0)
L__Lcd_Cmd26:
;__Lib_Lcd.c,23 :: 		
0x00BC	0x1683      	BSF        STATUS, 5
0x00BD	0x1A68      	BTFSC      FARG_Lcd_Cmd_out_char, 4
0x00BE	0x28C2      	GOTO       L__Lcd_Cmd27
0x00BF	0x1283      	BCF        STATUS, 5
0x00C0	0x1288      	BCF        LCD_D4, BitPos(LCD_D4+0)
0x00C1	0x28C4      	GOTO       L__Lcd_Cmd28
L__Lcd_Cmd27:
0x00C2	0x1283      	BCF        STATUS, 5
0x00C3	0x1688      	BSF        LCD_D4, BitPos(LCD_D4+0)
L__Lcd_Cmd28:
;__Lib_Lcd.c,25 :: 		
0x00C4	0x1683      	BSF        STATUS, 5
0x00C5	0x1852      	BTFSC      __Lib_Lcd_cmd_status, BitPos(__Lib_Lcd_cmd_status+0)
0x00C6	0x28CA      	GOTO       L__Lcd_Cmd29
0x00C7	0x1283      	BCF        STATUS, 5
0x00C8	0x1408      	BSF        LCD_RS, BitPos(LCD_RS+0)
0x00C9	0x28CC      	GOTO       L__Lcd_Cmd30
L__Lcd_Cmd29:
0x00CA	0x1283      	BCF        STATUS, 5
0x00CB	0x1008      	BCF        LCD_RS, BitPos(LCD_RS+0)
L__Lcd_Cmd30:
;__Lib_Lcd.c,28 :: 		
0x00CC	0x1488      	BSF        LCD_EN, BitPos(LCD_EN+0)
;__Lib_Lcd.c,29 :: 		
0x00CD	0x2084      	CALL       _Delay_1us
;__Lib_Lcd.c,30 :: 		
0x00CE	0x1088      	BCF        LCD_EN, BitPos(LCD_EN+0)
;__Lib_Lcd.c,33 :: 		
0x00CF	0x1683      	BSF        STATUS, 5
0x00D0	0x19E8      	BTFSC      FARG_Lcd_Cmd_out_char, 3
0x00D1	0x28D5      	GOTO       L__Lcd_Cmd31
0x00D2	0x1283      	BCF        STATUS, 5
0x00D3	0x1108      	BCF        LCD_D7, BitPos(LCD_D7+0)
0x00D4	0x28D7      	GOTO       L__Lcd_Cmd32
L__Lcd_Cmd31:
0x00D5	0x1283      	BCF        STATUS, 5
0x00D6	0x1508      	BSF        LCD_D7, BitPos(LCD_D7+0)
L__Lcd_Cmd32:
;__Lib_Lcd.c,34 :: 		
0x00D7	0x1683      	BSF        STATUS, 5
0x00D8	0x1968      	BTFSC      FARG_Lcd_Cmd_out_char, 2
0x00D9	0x28DD      	GOTO       L__Lcd_Cmd33
0x00DA	0x1283      	BCF        STATUS, 5
0x00DB	0x1188      	BCF        LCD_D6, BitPos(LCD_D6+0)
0x00DC	0x28DF      	GOTO       L__Lcd_Cmd34
L__Lcd_Cmd33:
0x00DD	0x1283      	BCF        STATUS, 5
0x00DE	0x1588      	BSF        LCD_D6, BitPos(LCD_D6+0)
L__Lcd_Cmd34:
;__Lib_Lcd.c,35 :: 		
0x00DF	0x1683      	BSF        STATUS, 5
0x00E0	0x18E8      	BTFSC      FARG_Lcd_Cmd_out_char, 1
0x00E1	0x28E5      	GOTO       L__Lcd_Cmd35
0x00E2	0x1283      	BCF        STATUS, 5
0x00E3	0x1208      	BCF        LCD_D5, BitPos(LCD_D5+0)
0x00E4	0x28E7      	GOTO       L__Lcd_Cmd36
L__Lcd_Cmd35:
0x00E5	0x1283      	BCF        STATUS, 5
0x00E6	0x1608      	BSF        LCD_D5, BitPos(LCD_D5+0)
L__Lcd_Cmd36:
;__Lib_Lcd.c,36 :: 		
0x00E7	0x1683      	BSF        STATUS, 5
0x00E8	0x1868      	BTFSC      FARG_Lcd_Cmd_out_char, 0
0x00E9	0x28ED      	GOTO       L__Lcd_Cmd37
0x00EA	0x1283      	BCF        STATUS, 5
0x00EB	0x1288      	BCF        LCD_D4, BitPos(LCD_D4+0)
0x00EC	0x28EF      	GOTO       L__Lcd_Cmd38
L__Lcd_Cmd37:
0x00ED	0x1283      	BCF        STATUS, 5
0x00EE	0x1688      	BSF        LCD_D4, BitPos(LCD_D4+0)
L__Lcd_Cmd38:
;__Lib_Lcd.c,38 :: 		
0x00EF	0x1683      	BSF        STATUS, 5
0x00F0	0x1852      	BTFSC      __Lib_Lcd_cmd_status, BitPos(__Lib_Lcd_cmd_status+0)
0x00F1	0x28F5      	GOTO       L__Lcd_Cmd39
0x00F2	0x1283      	BCF        STATUS, 5
0x00F3	0x1408      	BSF        LCD_RS, BitPos(LCD_RS+0)
0x00F4	0x28F7      	GOTO       L__Lcd_Cmd40
L__Lcd_Cmd39:
0x00F5	0x1283      	BCF        STATUS, 5
0x00F6	0x1008      	BCF        LCD_RS, BitPos(LCD_RS+0)
L__Lcd_Cmd40:
;__Lib_Lcd.c,40 :: 		
0x00F7	0x1488      	BSF        LCD_EN, BitPos(LCD_EN+0)
;__Lib_Lcd.c,41 :: 		
0x00F8	0x2084      	CALL       _Delay_1us
;__Lib_Lcd.c,42 :: 		
0x00F9	0x1088      	BCF        LCD_EN, BitPos(LCD_EN+0)
;__Lib_Lcd.c,44 :: 		
0x00FA	0x1683      	BSF        STATUS, 5
0x00FB	0x1C52      	BTFSS      __Lib_Lcd_cmd_status, BitPos(__Lib_Lcd_cmd_status+0)
0x00FC	0x28FF      	GOTO       L_Lcd_Cmd0
;__Lib_Lcd.c,45 :: 		
0x00FD	0x2079      	CALL       _Delay_5500us
0x00FE	0x2900      	GOTO       L_Lcd_Cmd1
L_Lcd_Cmd0:
;__Lib_Lcd.c,47 :: 		
0x00FF	0x2071      	CALL       _Delay_50us
L_Lcd_Cmd1:
;__Lib_Lcd.c,48 :: 		
L_end_Lcd_Cmd:
0x0100	0x0008      	RETURN
; end of _Lcd_Cmd
_WordToStr:
;__Lib_Conversions.c,98 :: 		
;__Lib_Conversions.c,103 :: 		
0x0101	0x1683      	BSF        STATUS, 5
0x0102	0x1303      	BCF        STATUS, 6
0x0103	0x01E6      	CLRF       WordToStr_len_L0
L_WordToStr11:
0x0104	0x3005      	MOVLW      5
0x0105	0x0266      	SUBWF      WordToStr_len_L0, 0
0x0106	0x1803      	BTFSC      STATUS, 0
0x0107	0x290F      	GOTO       L_WordToStr12
;__Lib_Conversions.c,104 :: 		
0x0108	0x0866      	MOVF       WordToStr_len_L0, 0
0x0109	0x0765      	ADDWF      FARG_WordToStr_output, 0
0x010A	0x0084      	MOVWF      FSR
0x010B	0x3020      	MOVLW      32
0x010C	0x0080      	MOVWF      INDF
;__Lib_Conversions.c,103 :: 		
0x010D	0x0AE6      	INCF       WordToStr_len_L0, 1
;__Lib_Conversions.c,104 :: 		
0x010E	0x2904      	GOTO       L_WordToStr11
L_WordToStr12:
;__Lib_Conversions.c,105 :: 		
0x010F	0x0866      	MOVF       WordToStr_len_L0, 0
0x0110	0x0765      	ADDWF      FARG_WordToStr_output, 0
0x0111	0x0084      	MOVWF      FSR
0x0112	0x0180      	CLRF       INDF
0x0113	0x03E6      	DECF       WordToStr_len_L0, 1
;__Lib_Conversions.c,107 :: 		
L_WordToStr14:
;__Lib_Conversions.c,108 :: 		
0x0114	0x0866      	MOVF       WordToStr_len_L0, 0
0x0115	0x0765      	ADDWF      FARG_WordToStr_output, 0
0x0116	0x00E7      	MOVWF      FLOC__WordToStr
0x0117	0x300A      	MOVLW      10
0x0118	0x00F4      	MOVWF      R4
0x0119	0x01F5      	CLRF       R4+1
0x011A	0x0863      	MOVF       FARG_WordToStr_input, 0
0x011B	0x00F0      	MOVWF      R0
0x011C	0x0864      	MOVF       FARG_WordToStr_input+1, 0
0x011D	0x00F1      	MOVWF      R0+1
0x011E	0x2086      	CALL       _Div_16X16_U
0x011F	0x0878      	MOVF       R8, 0
0x0120	0x00F0      	MOVWF      R0
0x0121	0x0879      	MOVF       R8+1, 0
0x0122	0x00F1      	MOVWF      R0+1
0x0123	0x3030      	MOVLW      48
0x0124	0x07F0      	ADDWF      R0, 1
0x0125	0x1683      	BSF        STATUS, 5
0x0126	0x0867      	MOVF       FLOC__WordToStr, 0
0x0127	0x0084      	MOVWF      FSR
0x0128	0x0870      	MOVF       R0, 0
0x0129	0x0080      	MOVWF      INDF
;__Lib_Conversions.c,109 :: 		
0x012A	0x300A      	MOVLW      10
0x012B	0x00F4      	MOVWF      R4
0x012C	0x01F5      	CLRF       R4+1
0x012D	0x0863      	MOVF       FARG_WordToStr_input, 0
0x012E	0x00F0      	MOVWF      R0
0x012F	0x0864      	MOVF       FARG_WordToStr_input+1, 0
0x0130	0x00F1      	MOVWF      R0+1
0x0131	0x2086      	CALL       _Div_16X16_U
0x0132	0x0870      	MOVF       R0, 0
0x0133	0x1683      	BSF        STATUS, 5
0x0134	0x00E3      	MOVWF      FARG_WordToStr_input
0x0135	0x0871      	MOVF       R0+1, 0
0x0136	0x00E4      	MOVWF      FARG_WordToStr_input+1
;__Lib_Conversions.c,110 :: 		
0x0137	0x3000      	MOVLW      0
0x0138	0x0671      	XORWF      R0+1, 0
0x0139	0x1D03      	BTFSS      STATUS, 2
0x013A	0x293D      	GOTO       L__WordToStr159
0x013B	0x3000      	MOVLW      0
0x013C	0x0670      	XORWF      R0, 0
L__WordToStr159:
0x013D	0x1D03      	BTFSS      STATUS, 2
0x013E	0x2940      	GOTO       L_WordToStr16
;__Lib_Conversions.c,111 :: 		
0x013F	0x2942      	GOTO       L_WordToStr15
L_WordToStr16:
;__Lib_Conversions.c,112 :: 		
0x0140	0x03E6      	DECF       WordToStr_len_L0, 1
;__Lib_Conversions.c,113 :: 		
0x0141	0x2914      	GOTO       L_WordToStr14
L_WordToStr15:
;__Lib_Conversions.c,114 :: 		
L_end_WordToStr:
0x0142	0x0008      	RETURN
; end of _WordToStr
_Lcd_Chr_CP:
;__Lib_Lcd.c,50 :: 		
;__Lib_Lcd.c,52 :: 		
0x0143	0x1683      	BSF        STATUS, 5
0x0144	0x1303      	BCF        STATUS, 6
0x0145	0x1052      	BCF        __Lib_Lcd_cmd_status, BitPos(__Lib_Lcd_cmd_status+0)
;__Lib_Lcd.c,53 :: 		
0x0146	0x0863      	MOVF       FARG_Lcd_Chr_CP_out_char, 0
0x0147	0x00E8      	MOVWF      FARG_Lcd_Cmd_out_char
0x0148	0x20A3      	CALL       _Lcd_Cmd
;__Lib_Lcd.c,54 :: 		
0x0149	0x1683      	BSF        STATUS, 5
0x014A	0x1452      	BSF        __Lib_Lcd_cmd_status, BitPos(__Lib_Lcd_cmd_status+0)
;__Lib_Lcd.c,55 :: 		
L_end_Lcd_Chr_CP:
0x014B	0x0008      	RETURN
; end of _Lcd_Chr_CP
_Delay_22us:
;__Lib_Delays.c,15 :: 		void Delay_22us() {
;__Lib_Delays.c,16 :: 		Delay_us(22);
0x014C	0x3007      	MOVLW      7
0x014D	0x1283      	BCF        STATUS, 5
0x014E	0x1303      	BCF        STATUS, 6
0x014F	0x00FD      	MOVWF      R13
L_Delay_22us1:
0x0150	0x0BFD      	DECFSZ     R13, 1
0x0151	0x2950      	GOTO       L_Delay_22us1
;__Lib_Delays.c,17 :: 		}
L_end_Delay_22us:
0x0152	0x0008      	RETURN
; end of _Delay_22us
_EEPROM_Read:
;__Lib_EEPROM.c,4 :: 		
;__Lib_EEPROM.c,5 :: 		
0x0153	0x1683      	BSF        STATUS, 5
0x0154	0x1303      	BCF        STATUS, 6
0x0155	0x085A      	MOVF       FARG_EEPROM_Read_Address, 0
0x0156	0x1283      	BCF        STATUS, 5
0x0157	0x1703      	BSF        STATUS, 6
0x0158	0x008D      	MOVWF      EEADR
;__Lib_EEPROM.c,6 :: 		
0x0159	0x1683      	BSF        STATUS, 5
0x015A	0x138C      	BCF        EECON1, 7
;__Lib_EEPROM.c,12 :: 		
0x015B	0x140C      	BSF        EECON1, 0
;__Lib_EEPROM.c,13 :: 		
0x015C	0x1283      	BCF        STATUS, 5
0x015D	0x080C      	MOVF       EEDATA, 0
0x015E	0x00F0      	MOVWF      R0
;__Lib_EEPROM.c,14 :: 		
L_end_EEPROM_Read:
0x015F	0x0008      	RETURN
; end of _EEPROM_Read
_Lcd_Out:
;__Lib_Lcd.c,184 :: 		
;__Lib_Lcd.c,187 :: 		
0x0160	0x2972      	GOTO       L_Lcd_Out11
;__Lib_Lcd.c,188 :: 		
L_Lcd_Out13:
0x0161	0x3080      	MOVLW      128
0x0162	0x1683      	BSF        STATUS, 5
0x0163	0x1303      	BCF        STATUS, 6
0x0164	0x00DA      	MOVWF      FARG_Lcd_Out_row
0x0165	0x2985      	GOTO       L_Lcd_Out12
;__Lib_Lcd.c,189 :: 		
L_Lcd_Out14:
0x0166	0x30C0      	MOVLW      192
0x0167	0x00DA      	MOVWF      FARG_Lcd_Out_row
0x0168	0x2985      	GOTO       L_Lcd_Out12
;__Lib_Lcd.c,190 :: 		
L_Lcd_Out15:
0x0169	0x3094      	MOVLW      148
0x016A	0x00DA      	MOVWF      FARG_Lcd_Out_row
0x016B	0x2985      	GOTO       L_Lcd_Out12
;__Lib_Lcd.c,191 :: 		
L_Lcd_Out16:
0x016C	0x30D4      	MOVLW      212
0x016D	0x00DA      	MOVWF      FARG_Lcd_Out_row
0x016E	0x2985      	GOTO       L_Lcd_Out12
;__Lib_Lcd.c,192 :: 		
L_Lcd_Out17:
0x016F	0x3080      	MOVLW      128
0x0170	0x00DA      	MOVWF      FARG_Lcd_Out_row
;__Lib_Lcd.c,193 :: 		
0x0171	0x2985      	GOTO       L_Lcd_Out12
L_Lcd_Out11:
0x0172	0x1683      	BSF        STATUS, 5
0x0173	0x1303      	BCF        STATUS, 6
0x0174	0x085A      	MOVF       FARG_Lcd_Out_row, 0
0x0175	0x3A01      	XORLW      1
0x0176	0x1903      	BTFSC      STATUS, 2
0x0177	0x2961      	GOTO       L_Lcd_Out13
0x0178	0x085A      	MOVF       FARG_Lcd_Out_row, 0
0x0179	0x3A02      	XORLW      2
0x017A	0x1903      	BTFSC      STATUS, 2
0x017B	0x2966      	GOTO       L_Lcd_Out14
0x017C	0x085A      	MOVF       FARG_Lcd_Out_row, 0
0x017D	0x3A03      	XORLW      3
0x017E	0x1903      	BTFSC      STATUS, 2
0x017F	0x2969      	GOTO       L_Lcd_Out15
0x0180	0x085A      	MOVF       FARG_Lcd_Out_row, 0
0x0181	0x3A04      	XORLW      4
0x0182	0x1903      	BTFSC      STATUS, 2
0x0183	0x296C      	GOTO       L_Lcd_Out16
0x0184	0x296F      	GOTO       L_Lcd_Out17
L_Lcd_Out12:
;__Lib_Lcd.c,194 :: 		
0x0185	0x035B      	DECF       FARG_Lcd_Out_column, 0
0x0186	0x00F0      	MOVWF      R0
0x0187	0x085A      	MOVF       FARG_Lcd_Out_row, 0
0x0188	0x07F0      	ADDWF      R0, 1
0x0189	0x0870      	MOVF       R0, 0
0x018A	0x00DA      	MOVWF      FARG_Lcd_Out_row
;__Lib_Lcd.c,196 :: 		
0x018B	0x0870      	MOVF       R0, 0
0x018C	0x00E8      	MOVWF      FARG_Lcd_Cmd_out_char
0x018D	0x20A3      	CALL       _Lcd_Cmd
;__Lib_Lcd.c,197 :: 		
0x018E	0x1683      	BSF        STATUS, 5
0x018F	0x1052      	BCF        __Lib_Lcd_cmd_status, BitPos(__Lib_Lcd_cmd_status+0)
;__Lib_Lcd.c,198 :: 		
0x0190	0x01DD      	CLRF       Lcd_Out_i_L0
;__Lib_Lcd.c,199 :: 		
L_Lcd_Out18:
0x0191	0x085D      	MOVF       Lcd_Out_i_L0, 0
0x0192	0x075C      	ADDWF      FARG_Lcd_Out_text, 0
0x0193	0x0084      	MOVWF      FSR
0x0194	0x0800      	MOVF       INDF, 0
0x0195	0x1903      	BTFSC      STATUS, 2
0x0196	0x299F      	GOTO       L_Lcd_Out19
;__Lib_Lcd.c,200 :: 		
0x0197	0x085D      	MOVF       Lcd_Out_i_L0, 0
0x0198	0x075C      	ADDWF      FARG_Lcd_Out_text, 0
0x0199	0x0084      	MOVWF      FSR
0x019A	0x0800      	MOVF       INDF, 0
0x019B	0x00E3      	MOVWF      FARG_Lcd_Chr_CP_out_char
0x019C	0x2143      	CALL       _Lcd_Chr_CP
0x019D	0x0ADD      	INCF       Lcd_Out_i_L0, 1
0x019E	0x2991      	GOTO       L_Lcd_Out18
L_Lcd_Out19:
;__Lib_Lcd.c,201 :: 		
0x019F	0x1452      	BSF        __Lib_Lcd_cmd_status, BitPos(__Lib_Lcd_cmd_status+0)
;__Lib_Lcd.c,202 :: 		
L_end_Lcd_Out:
0x01A0	0x0008      	RETURN
; end of _Lcd_Out
_____DoICP:
;__Lib_System.c,6 :: 		
;__Lib_System.c,9 :: 		
0x01A1	0x1683      	BSF        STATUS, 5
0x01A2	0x1303      	BCF        STATUS, 6
0x01A3	0x0851      	MOVF       ___DoICPAddr+1, 0
0x01A4	0x008A      	MOVWF      PCLATH
;__Lib_System.c,10 :: 		
0x01A5	0x0850      	MOVF       ___DoICPAddr, 0
0x01A6	0x0082      	MOVWF      PCL
;__Lib_System.c,12 :: 		
L_end_____DoICP:
0x01A7	0x0008      	RETURN
; end of _____DoICP
_ADC_Read:
;__Lib_ADC_A_C.c,68 :: 		
;__Lib_ADC_A_C.c,70 :: 		
0x01A8	0x1283      	BCF        STATUS, 5
0x01A9	0x1303      	BCF        STATUS, 6
0x01AA	0x019F      	CLRF       ADCON0
;__Lib_ADC_A_C.c,71 :: 		
0x01AB	0x30C0      	MOVLW      192
0x01AC	0x049F      	IORWF      ADCON0, 1
;__Lib_ADC_A_C.c,72 :: 		
0x01AD	0x1683      	BSF        STATUS, 5
0x01AE	0x0926      	COMF       _vref_mask, 0
0x01AF	0x00F0      	MOVWF      R0
0x01B0	0x0870      	MOVF       R0, 0
0x01B1	0x059F      	ANDWF      ADCON1, 1
;__Lib_ADC_A_C.c,73 :: 		
0x01B2	0x171F      	BSF        ADCON1, 6
;__Lib_ADC_A_C.c,74 :: 		
0x01B3	0x179F      	BSF        ADCON1, 7
;__Lib_ADC_A_C.c,75 :: 		
0x01B4	0x085A      	MOVF       FARG_ADC_Read_channel, 0
0x01B5	0x00F0      	MOVWF      R0
0x01B6	0x0DF0      	RLF        R0, 1
0x01B7	0x1070      	BCF        R0, 0
0x01B8	0x0DF0      	RLF        R0, 1
0x01B9	0x1070      	BCF        R0, 0
0x01BA	0x0DF0      	RLF        R0, 1
0x01BB	0x1070      	BCF        R0, 0
0x01BC	0x0870      	MOVF       R0, 0
0x01BD	0x1283      	BCF        STATUS, 5
0x01BE	0x049F      	IORWF      ADCON0, 1
;__Lib_ADC_A_C.c,78 :: 		
0x01BF	0x141F      	BSF        ADCON0, 0
;__Lib_ADC_A_C.c,81 :: 		
0x01C0	0x214C      	CALL       _Delay_22us
;__Lib_ADC_A_C.c,84 :: 		
0x01C1	0x151F      	BSF        ADCON0, 2
;__Lib_ADC_A_C.c,87 :: 		
L_ADC_Read2:
0x01C2	0x1D1F      	BTFSS      ADCON0, 2
0x01C3	0x29C6      	GOTO       L_ADC_Read3
;__Lib_ADC_A_C.c,88 :: 		
0x01C4	0x0000      	NOP
0x01C5	0x29C2      	GOTO       L_ADC_Read2
L_ADC_Read3:
;__Lib_ADC_A_C.c,91 :: 		
0x01C6	0x101F      	BCF        ADCON0, 0
;__Lib_ADC_A_C.c,94 :: 		
0x01C7	0x081E      	MOVF       ADRESH, 0
0x01C8	0x00F1      	MOVWF      R0+1
0x01C9	0x01F0      	CLRF       R0
0x01CA	0x1683      	BSF        STATUS, 5
0x01CB	0x081E      	MOVF       ADRESL, 0
0x01CC	0x04F0      	IORWF      R0, 1
0x01CD	0x3000      	MOVLW      0
0x01CE	0x04F1      	IORWF      R0+1, 1
;__Lib_ADC_A_C.c,95 :: 		
L_end_ADC_Read:
0x01CF	0x0008      	RETURN
; end of _ADC_Read
_IntToStr:
;__Lib_Conversions.c,195 :: 		
;__Lib_Conversions.c,201 :: 		
0x01D0	0x1683      	BSF        STATUS, 5
0x01D1	0x1303      	BCF        STATUS, 6
0x01D2	0x01DF      	CLRF       IntToStr_negative_L0
0x01D3	0x01E0      	CLRF       IntToStr_negative_L0+1
;__Lib_Conversions.c,202 :: 		
0x01D4	0x085A      	MOVF       FARG_IntToStr_input, 0
0x01D5	0x00E1      	MOVWF      IntToStr_inword_L0
0x01D6	0x085B      	MOVF       FARG_IntToStr_input+1, 0
0x01D7	0x00E2      	MOVWF      IntToStr_inword_L0+1
;__Lib_Conversions.c,203 :: 		
0x01D8	0x3080      	MOVLW      128
0x01D9	0x065B      	XORWF      FARG_IntToStr_input+1, 0
0x01DA	0x00F0      	MOVWF      R0
0x01DB	0x3080      	MOVLW      128
0x01DC	0x0270      	SUBWF      R0, 0
0x01DD	0x1D03      	BTFSS      STATUS, 2
0x01DE	0x29E1      	GOTO       L__IntToStr167
0x01DF	0x3000      	MOVLW      0
0x01E0	0x025A      	SUBWF      FARG_IntToStr_input, 0
L__IntToStr167:
0x01E1	0x1803      	BTFSC      STATUS, 0
0x01E2	0x29EF      	GOTO       L_IntToStr37
;__Lib_Conversions.c,204 :: 		
0x01E3	0x3001      	MOVLW      1
0x01E4	0x00DF      	MOVWF      IntToStr_negative_L0
0x01E5	0x3000      	MOVLW      0
0x01E6	0x00E0      	MOVWF      IntToStr_negative_L0+1
;__Lib_Conversions.c,205 :: 		
0x01E7	0x085A      	MOVF       FARG_IntToStr_input, 0
0x01E8	0x3C00      	SUBLW      0
0x01E9	0x00E1      	MOVWF      IntToStr_inword_L0
0x01EA	0x085B      	MOVF       FARG_IntToStr_input+1, 0
0x01EB	0x1C03      	BTFSS      STATUS, 0
0x01EC	0x3E01      	ADDLW      1
0x01ED	0x01E2      	CLRF       IntToStr_inword_L0+1
0x01EE	0x02E2      	SUBWF      IntToStr_inword_L0+1, 1
;__Lib_Conversions.c,206 :: 		
L_IntToStr37:
;__Lib_Conversions.c,207 :: 		
0x01EF	0x0861      	MOVF       IntToStr_inword_L0, 0
0x01F0	0x00E3      	MOVWF      FARG_WordToStr_input
0x01F1	0x0862      	MOVF       IntToStr_inword_L0+1, 0
0x01F2	0x00E4      	MOVWF      FARG_WordToStr_input+1
0x01F3	0x085C      	MOVF       FARG_IntToStr_output, 0
0x01F4	0x00E5      	MOVWF      FARG_WordToStr_output
0x01F5	0x2101      	CALL       _WordToStr
;__Lib_Conversions.c,209 :: 		
0x01F6	0x3006      	MOVLW      6
0x01F7	0x00DD      	MOVWF      IntToStr_i_L0
0x01F8	0x3000      	MOVLW      0
0x01F9	0x00DE      	MOVWF      IntToStr_i_L0+1
;__Lib_Conversions.c,210 :: 		
L_IntToStr38:
0x01FA	0x085E      	MOVF       IntToStr_i_L0+1, 0
0x01FB	0x3C00      	SUBLW      0
0x01FC	0x1D03      	BTFSS      STATUS, 2
0x01FD	0x2A00      	GOTO       L__IntToStr168
0x01FE	0x085D      	MOVF       IntToStr_i_L0, 0
0x01FF	0x3C00      	SUBLW      0
L__IntToStr168:
0x0200	0x1803      	BTFSC      STATUS, 0
0x0201	0x2A1B      	GOTO       L_IntToStr39
;__Lib_Conversions.c,211 :: 		
0x0202	0x085D      	MOVF       IntToStr_i_L0, 0
0x0203	0x075C      	ADDWF      FARG_IntToStr_output, 0
0x0204	0x00F2      	MOVWF      R2
0x0205	0x3001      	MOVLW      1
0x0206	0x025D      	SUBWF      IntToStr_i_L0, 0
0x0207	0x00F0      	MOVWF      R0
0x0208	0x3000      	MOVLW      0
0x0209	0x1C03      	BTFSS      STATUS, 0
0x020A	0x3E01      	ADDLW      1
0x020B	0x025E      	SUBWF      IntToStr_i_L0+1, 0
0x020C	0x00F1      	MOVWF      R0+1
0x020D	0x0870      	MOVF       R0, 0
0x020E	0x075C      	ADDWF      FARG_IntToStr_output, 0
0x020F	0x0084      	MOVWF      FSR
0x0210	0x0800      	MOVF       INDF, 0
0x0211	0x00F0      	MOVWF      R0
0x0212	0x0872      	MOVF       R2, 0
0x0213	0x0084      	MOVWF      FSR
0x0214	0x0870      	MOVF       R0, 0
0x0215	0x0080      	MOVWF      INDF
;__Lib_Conversions.c,212 :: 		
0x0216	0x3001      	MOVLW      1
0x0217	0x02DD      	SUBWF      IntToStr_i_L0, 1
0x0218	0x1C03      	BTFSS      STATUS, 0
0x0219	0x03DE      	DECF       IntToStr_i_L0+1, 1
;__Lib_Conversions.c,213 :: 		
0x021A	0x29FA      	GOTO       L_IntToStr38
L_IntToStr39:
;__Lib_Conversions.c,214 :: 		
0x021B	0x085C      	MOVF       FARG_IntToStr_output, 0
0x021C	0x0084      	MOVWF      FSR
0x021D	0x3020      	MOVLW      32
0x021E	0x0080      	MOVWF      INDF
;__Lib_Conversions.c,215 :: 		
0x021F	0x085F      	MOVF       IntToStr_negative_L0, 0
0x0220	0x0460      	IORWF      IntToStr_negative_L0+1, 0
0x0221	0x1903      	BTFSC      STATUS, 2
0x0222	0x2A39      	GOTO       L_IntToStr40
;__Lib_Conversions.c,216 :: 		
0x0223	0x01DD      	CLRF       IntToStr_i_L0
0x0224	0x01DE      	CLRF       IntToStr_i_L0+1
;__Lib_Conversions.c,217 :: 		
L_IntToStr41:
0x0225	0x085D      	MOVF       IntToStr_i_L0, 0
0x0226	0x075C      	ADDWF      FARG_IntToStr_output, 0
0x0227	0x0084      	MOVWF      FSR
0x0228	0x0800      	MOVF       INDF, 0
0x0229	0x3A20      	XORLW      32
0x022A	0x1D03      	BTFSS      STATUS, 2
0x022B	0x2A30      	GOTO       L_IntToStr42
0x022C	0x0ADD      	INCF       IntToStr_i_L0, 1
0x022D	0x1903      	BTFSC      STATUS, 2
0x022E	0x0ADE      	INCF       IntToStr_i_L0+1, 1
0x022F	0x2A25      	GOTO       L_IntToStr41
L_IntToStr42:
;__Lib_Conversions.c,218 :: 		
0x0230	0x3001      	MOVLW      1
0x0231	0x02DD      	SUBWF      IntToStr_i_L0, 1
0x0232	0x1C03      	BTFSS      STATUS, 0
0x0233	0x03DE      	DECF       IntToStr_i_L0+1, 1
;__Lib_Conversions.c,219 :: 		
0x0234	0x085D      	MOVF       IntToStr_i_L0, 0
0x0235	0x075C      	ADDWF      FARG_IntToStr_output, 0
0x0236	0x0084      	MOVWF      FSR
0x0237	0x302D      	MOVLW      45
0x0238	0x0080      	MOVWF      INDF
L_IntToStr40:
;__Lib_Conversions.c,220 :: 		
L_end_IntToStr:
0x0239	0x0008      	RETURN
; end of _IntToStr
_finArrosage:
;lcd.c,41 :: 		void finArrosage(){
;lcd.c,42 :: 		arrosageClrCount=0;
0x023A	0x1283      	BCF        STATUS, 5
0x023B	0x1303      	BCF        STATUS, 6
0x023C	0x01EC      	CLRF       _arrosageClrCount
0x023D	0x01ED      	CLRF       _arrosageClrCount+1
;lcd.c,44 :: 		if(finArrosageClrCount==0){
0x023E	0x3000      	MOVLW      0
0x023F	0x065A      	XORWF      _finArrosageClrCount+1, 0
0x0240	0x1D03      	BTFSS      STATUS, 2
0x0241	0x2A44      	GOTO       L__finArrosage67
0x0242	0x3000      	MOVLW      0
0x0243	0x0659      	XORWF      _finArrosageClrCount, 0
L__finArrosage67:
0x0244	0x1D03      	BTFSS      STATUS, 2
0x0245	0x2A4A      	GOTO       L_finArrosage1
;lcd.c,45 :: 		Lcd_Cmd(_LCD_CLEAR);
0x0246	0x3001      	MOVLW      1
0x0247	0x1683      	BSF        STATUS, 5
0x0248	0x00E8      	MOVWF      FARG_Lcd_Cmd_out_char
0x0249	0x20A3      	CALL       _Lcd_Cmd
;lcd.c,46 :: 		}
L_finArrosage1:
;lcd.c,47 :: 		Lcd_out(1,3,"Fin arrosage");
0x024A	0x3001      	MOVLW      1
0x024B	0x1683      	BSF        STATUS, 5
0x024C	0x00DA      	MOVWF      FARG_Lcd_Out_row
0x024D	0x3003      	MOVLW      3
0x024E	0x00DB      	MOVWF      FARG_Lcd_Out_column
0x024F	0x302D      	MOVLW      ?lstr2_lcd
0x0250	0x00DC      	MOVWF      FARG_Lcd_Out_text
0x0251	0x2160      	CALL       _Lcd_Out
;lcd.c,48 :: 		Lcd_out(2,6,"gazon");
0x0252	0x3002      	MOVLW      2
0x0253	0x00DA      	MOVWF      FARG_Lcd_Out_row
0x0254	0x3006      	MOVLW      6
0x0255	0x00DB      	MOVWF      FARG_Lcd_Out_column
0x0256	0x3053      	MOVLW      ?lstr3_lcd
0x0257	0x00DC      	MOVWF      FARG_Lcd_Out_text
0x0258	0x2160      	CALL       _Lcd_Out
;lcd.c,49 :: 		portd.rd6=0;
0x0259	0x1283      	BCF        STATUS, 5
0x025A	0x1308      	BCF        PORTD, 6
;lcd.c,50 :: 		finArrosageClrCount=1;
0x025B	0x3001      	MOVLW      1
0x025C	0x00D9      	MOVWF      _finArrosageClrCount
0x025D	0x3000      	MOVLW      0
0x025E	0x00DA      	MOVWF      _finArrosageClrCount+1
;lcd.c,51 :: 		}
L_end_finArrosage:
0x025F	0x0008      	RETURN
; end of _finArrosage
_consulter:
;lcd.c,75 :: 		void consulter(){
;lcd.c,76 :: 		nb_panne = EEPROM_Read(0x02);
0x0260	0x3002      	MOVLW      2
0x0261	0x1683      	BSF        STATUS, 5
0x0262	0x1303      	BCF        STATUS, 6
0x0263	0x00DA      	MOVWF      FARG_EEPROM_Read_Address
0x0264	0x2153      	CALL       _EEPROM_Read
0x0265	0x0870      	MOVF       R0, 0
0x0266	0x1303      	BCF        STATUS, 6
0x0267	0x00DB      	MOVWF      _nb_panne
0x0268	0x01DC      	CLRF       _nb_panne+1
;lcd.c,77 :: 		if(consulterClrCount==0){
0x0269	0x3000      	MOVLW      0
0x026A	0x062C      	XORWF      _consulterClrCount+1, 0
0x026B	0x1D03      	BTFSS      STATUS, 2
0x026C	0x2A6F      	GOTO       L__consulter73
0x026D	0x3000      	MOVLW      0
0x026E	0x062B      	XORWF      _consulterClrCount, 0
L__consulter73:
0x026F	0x1D03      	BTFSS      STATUS, 2
0x0270	0x2A75      	GOTO       L_consulter5
;lcd.c,78 :: 		Lcd_Cmd(_LCD_CLEAR);
0x0271	0x3001      	MOVLW      1
0x0272	0x1683      	BSF        STATUS, 5
0x0273	0x00E8      	MOVWF      FARG_Lcd_Cmd_out_char
0x0274	0x20A3      	CALL       _Lcd_Cmd
;lcd.c,79 :: 		}
L_consulter5:
;lcd.c,80 :: 		IntToStr(nb_panne, panneStr);
0x0275	0x085B      	MOVF       _nb_panne, 0
0x0276	0x1683      	BSF        STATUS, 5
0x0277	0x00DA      	MOVWF      FARG_IntToStr_input
0x0278	0x1283      	BCF        STATUS, 5
0x0279	0x085C      	MOVF       _nb_panne+1, 0
0x027A	0x1683      	BSF        STATUS, 5
0x027B	0x00DB      	MOVWF      FARG_IntToStr_input+1
0x027C	0x30BF      	MOVLW      _panneStr
0x027D	0x00DC      	MOVWF      FARG_IntToStr_output
0x027E	0x21D0      	CALL       _IntToStr
;lcd.c,81 :: 		Lcd_out(1,3,"nb_panne:");
0x027F	0x3001      	MOVLW      1
0x0280	0x00DA      	MOVWF      FARG_Lcd_Out_row
0x0281	0x3003      	MOVLW      3
0x0282	0x00DB      	MOVWF      FARG_Lcd_Out_column
0x0283	0x3021      	MOVLW      ?lstr6_lcd
0x0284	0x00DC      	MOVWF      FARG_Lcd_Out_text
0x0285	0x2160      	CALL       _Lcd_Out
;lcd.c,82 :: 		Lcd_out(2,3,panneStr);
0x0286	0x3002      	MOVLW      2
0x0287	0x00DA      	MOVWF      FARG_Lcd_Out_row
0x0288	0x3003      	MOVLW      3
0x0289	0x00DB      	MOVWF      FARG_Lcd_Out_column
0x028A	0x30BF      	MOVLW      _panneStr
0x028B	0x00DC      	MOVWF      FARG_Lcd_Out_text
0x028C	0x2160      	CALL       _Lcd_Out
;lcd.c,83 :: 		consulterClrCount=1;
0x028D	0x3001      	MOVLW      1
0x028E	0x1283      	BCF        STATUS, 5
0x028F	0x00AB      	MOVWF      _consulterClrCount
0x0290	0x3000      	MOVLW      0
0x0291	0x00AC      	MOVWF      _consulterClrCount+1
;lcd.c,84 :: 		portd.rd6=0;
0x0292	0x1308      	BCF        PORTD, 6
;lcd.c,85 :: 		}
L_end_consulter:
0x0293	0x0008      	RETURN
; end of _consulter
_panne:
;lcd.c,53 :: 		void panne(){
;lcd.c,54 :: 		Lcd_out(1,1,"Systeme en panne");
0x0294	0x3001      	MOVLW      1
0x0295	0x1683      	BSF        STATUS, 5
0x0296	0x1303      	BCF        STATUS, 6
0x0297	0x00DA      	MOVWF      FARG_Lcd_Out_row
0x0298	0x3001      	MOVLW      1
0x0299	0x00DB      	MOVWF      FARG_Lcd_Out_column
0x029A	0x3042      	MOVLW      ?lstr4_lcd
0x029B	0x00DC      	MOVWF      FARG_Lcd_Out_text
0x029C	0x2160      	CALL       _Lcd_Out
;lcd.c,55 :: 		portd.rd6=0;
0x029D	0x1283      	BCF        STATUS, 5
0x029E	0x1308      	BCF        PORTD, 6
;lcd.c,56 :: 		}
L_end_panne:
0x029F	0x0008      	RETURN
; end of _panne
_arrosage:
;lcd.c,30 :: 		void arrosage(){
;lcd.c,31 :: 		finArrosageClrCount=0;
0x02A0	0x1283      	BCF        STATUS, 5
0x02A1	0x1303      	BCF        STATUS, 6
0x02A2	0x01D9      	CLRF       _finArrosageClrCount
0x02A3	0x01DA      	CLRF       _finArrosageClrCount+1
;lcd.c,33 :: 		if(arrosageClrCount==0){
0x02A4	0x3000      	MOVLW      0
0x02A5	0x066D      	XORWF      _arrosageClrCount+1, 0
0x02A6	0x1D03      	BTFSS      STATUS, 2
0x02A7	0x2AAA      	GOTO       L__arrosage65
0x02A8	0x3000      	MOVLW      0
0x02A9	0x066C      	XORWF      _arrosageClrCount, 0
L__arrosage65:
0x02AA	0x1D03      	BTFSS      STATUS, 2
0x02AB	0x2AB0      	GOTO       L_arrosage0
;lcd.c,34 :: 		Lcd_Cmd(_LCD_CLEAR);
0x02AC	0x3001      	MOVLW      1
0x02AD	0x1683      	BSF        STATUS, 5
0x02AE	0x00E8      	MOVWF      FARG_Lcd_Cmd_out_char
0x02AF	0x20A3      	CALL       _Lcd_Cmd
;lcd.c,35 :: 		}
L_arrosage0:
;lcd.c,36 :: 		Lcd_out(1,2,"Arrosage gazon");
0x02B0	0x3001      	MOVLW      1
0x02B1	0x1683      	BSF        STATUS, 5
0x02B2	0x00DA      	MOVWF      FARG_Lcd_Out_row
0x02B3	0x3002      	MOVLW      2
0x02B4	0x00DB      	MOVWF      FARG_Lcd_Out_column
0x02B5	0x305D      	MOVLW      ?lstr1_lcd
0x02B6	0x00DC      	MOVWF      FARG_Lcd_Out_text
0x02B7	0x2160      	CALL       _Lcd_Out
;lcd.c,37 :: 		portd.rd6=1;
0x02B8	0x1283      	BCF        STATUS, 5
0x02B9	0x1708      	BSF        PORTD, 6
;lcd.c,38 :: 		arrosageClrCount=1;
0x02BA	0x3001      	MOVLW      1
0x02BB	0x00EC      	MOVWF      _arrosageClrCount
0x02BC	0x3000      	MOVLW      0
0x02BD	0x00ED      	MOVWF      _arrosageClrCount+1
;lcd.c,39 :: 		}
L_end_arrosage:
0x02BE	0x0008      	RETURN
; end of _arrosage
_bipeur:
;lcd.c,58 :: 		void bipeur(){
;lcd.c,59 :: 		portd.rd7=1;
0x02BF	0x1283      	BCF        STATUS, 5
0x02C0	0x1303      	BCF        STATUS, 6
0x02C1	0x1788      	BSF        PORTD, 7
;lcd.c,60 :: 		delay_ms(500);
0x02C2	0x3003      	MOVLW      3
0x02C3	0x00FB      	MOVWF      R11
0x02C4	0x308A      	MOVLW      138
0x02C5	0x00FC      	MOVWF      R12
0x02C6	0x3055      	MOVLW      85
0x02C7	0x00FD      	MOVWF      R13
L_bipeur2:
0x02C8	0x0BFD      	DECFSZ     R13, 1
0x02C9	0x2AC8      	GOTO       L_bipeur2
0x02CA	0x0BFC      	DECFSZ     R12, 1
0x02CB	0x2AC8      	GOTO       L_bipeur2
0x02CC	0x0BFB      	DECFSZ     R11, 1
0x02CD	0x2AC8      	GOTO       L_bipeur2
0x02CE	0x0000      	NOP
0x02CF	0x0000      	NOP
;lcd.c,61 :: 		portd.rd7=0;
0x02D0	0x1388      	BCF        PORTD, 7
;lcd.c,62 :: 		delay_ms(500);
0x02D1	0x3003      	MOVLW      3
0x02D2	0x00FB      	MOVWF      R11
0x02D3	0x308A      	MOVLW      138
0x02D4	0x00FC      	MOVWF      R12
0x02D5	0x3055      	MOVLW      85
0x02D6	0x00FD      	MOVWF      R13
L_bipeur3:
0x02D7	0x0BFD      	DECFSZ     R13, 1
0x02D8	0x2AD7      	GOTO       L_bipeur3
0x02D9	0x0BFC      	DECFSZ     R12, 1
0x02DA	0x2AD7      	GOTO       L_bipeur3
0x02DB	0x0BFB      	DECFSZ     R11, 1
0x02DC	0x2AD7      	GOTO       L_bipeur3
0x02DD	0x0000      	NOP
0x02DE	0x0000      	NOP
;lcd.c,63 :: 		portd.rd6=0;
0x02DF	0x1308      	BCF        PORTD, 6
;lcd.c,64 :: 		}
L_end_bipeur:
0x02E0	0x0008      	RETURN
; end of _bipeur
_Lcd_Init:
;__Lib_Lcd.c,84 :: 		
;__Lib_Lcd.c,86 :: 		
0x02E1	0x1683      	BSF        STATUS, 5
0x02E2	0x1303      	BCF        STATUS, 6
0x02E3	0x1088      	BCF        LCD_EN_Direction, BitPos(LCD_EN_Direction+0)
;__Lib_Lcd.c,87 :: 		
0x02E4	0x1008      	BCF        LCD_RS_Direction, BitPos(LCD_RS_Direction+0)
;__Lib_Lcd.c,88 :: 		
0x02E5	0x1288      	BCF        LCD_D4_Direction, BitPos(LCD_D4_Direction+0)
;__Lib_Lcd.c,89 :: 		
0x02E6	0x1208      	BCF        LCD_D5_Direction, BitPos(LCD_D5_Direction+0)
;__Lib_Lcd.c,90 :: 		
0x02E7	0x1188      	BCF        LCD_D6_Direction, BitPos(LCD_D6_Direction+0)
;__Lib_Lcd.c,91 :: 		
0x02E8	0x1108      	BCF        LCD_D7_Direction, BitPos(LCD_D7_Direction+0)
;__Lib_Lcd.c,93 :: 		
0x02E9	0x1283      	BCF        STATUS, 5
0x02EA	0x1088      	BCF        LCD_EN, BitPos(LCD_EN+0)
;__Lib_Lcd.c,94 :: 		
0x02EB	0x1008      	BCF        LCD_RS, BitPos(LCD_RS+0)
;__Lib_Lcd.c,95 :: 		
0x02EC	0x1108      	BCF        LCD_D7, BitPos(LCD_D7+0)
;__Lib_Lcd.c,96 :: 		
0x02ED	0x1188      	BCF        LCD_D6, BitPos(LCD_D6+0)
;__Lib_Lcd.c,97 :: 		
0x02EE	0x1208      	BCF        LCD_D5, BitPos(LCD_D5+0)
;__Lib_Lcd.c,98 :: 		
0x02EF	0x1288      	BCF        LCD_D4, BitPos(LCD_D4+0)
;__Lib_Lcd.c,100 :: 		
0x02F0	0x2079      	CALL       _Delay_5500us
;__Lib_Lcd.c,101 :: 		
0x02F1	0x2079      	CALL       _Delay_5500us
;__Lib_Lcd.c,102 :: 		
0x02F2	0x2079      	CALL       _Delay_5500us
;__Lib_Lcd.c,105 :: 		
0x02F3	0x1608      	BSF        LCD_D5, BitPos(LCD_D5+0)
;__Lib_Lcd.c,106 :: 		
0x02F4	0x1688      	BSF        LCD_D4, BitPos(LCD_D4+0)
;__Lib_Lcd.c,107 :: 		
0x02F5	0x1488      	BSF        LCD_EN, BitPos(LCD_EN+0)
;__Lib_Lcd.c,108 :: 		
0x02F6	0x2084      	CALL       _Delay_1us
;__Lib_Lcd.c,109 :: 		
0x02F7	0x1088      	BCF        LCD_EN, BitPos(LCD_EN+0)
;__Lib_Lcd.c,110 :: 		
0x02F8	0x2079      	CALL       _Delay_5500us
;__Lib_Lcd.c,112 :: 		
0x02F9	0x1488      	BSF        LCD_EN, BitPos(LCD_EN+0)
;__Lib_Lcd.c,113 :: 		
0x02FA	0x2084      	CALL       _Delay_1us
;__Lib_Lcd.c,114 :: 		
0x02FB	0x1088      	BCF        LCD_EN, BitPos(LCD_EN+0)
;__Lib_Lcd.c,115 :: 		
0x02FC	0x2079      	CALL       _Delay_5500us
;__Lib_Lcd.c,117 :: 		
0x02FD	0x1488      	BSF        LCD_EN, BitPos(LCD_EN+0)
;__Lib_Lcd.c,118 :: 		
0x02FE	0x2084      	CALL       _Delay_1us
;__Lib_Lcd.c,119 :: 		
0x02FF	0x1088      	BCF        LCD_EN, BitPos(LCD_EN+0)
;__Lib_Lcd.c,120 :: 		
0x0300	0x2079      	CALL       _Delay_5500us
;__Lib_Lcd.c,123 :: 		
0x0301	0x1288      	BCF        LCD_D4, BitPos(LCD_D4+0)
;__Lib_Lcd.c,124 :: 		
0x0302	0x1488      	BSF        LCD_EN, BitPos(LCD_EN+0)
;__Lib_Lcd.c,125 :: 		
0x0303	0x2084      	CALL       _Delay_1us
;__Lib_Lcd.c,126 :: 		
0x0304	0x1088      	BCF        LCD_EN, BitPos(LCD_EN+0)
;__Lib_Lcd.c,127 :: 		
0x0305	0x2079      	CALL       _Delay_5500us
;__Lib_Lcd.c,130 :: 		
0x0306	0x1488      	BSF        LCD_EN, BitPos(LCD_EN+0)
;__Lib_Lcd.c,131 :: 		
0x0307	0x2084      	CALL       _Delay_1us
;__Lib_Lcd.c,132 :: 		
0x0308	0x1088      	BCF        LCD_EN, BitPos(LCD_EN+0)
;__Lib_Lcd.c,134 :: 		
0x0309	0x1208      	BCF        LCD_D5, BitPos(LCD_D5+0)
;__Lib_Lcd.c,135 :: 		
0x030A	0x1508      	BSF        LCD_D7, BitPos(LCD_D7+0)
;__Lib_Lcd.c,136 :: 		
0x030B	0x1488      	BSF        LCD_EN, BitPos(LCD_EN+0)
;__Lib_Lcd.c,137 :: 		
0x030C	0x2084      	CALL       _Delay_1us
;__Lib_Lcd.c,138 :: 		
0x030D	0x1088      	BCF        LCD_EN, BitPos(LCD_EN+0)
;__Lib_Lcd.c,139 :: 		
0x030E	0x2079      	CALL       _Delay_5500us
;__Lib_Lcd.c,142 :: 		
0x030F	0x1108      	BCF        LCD_D7, BitPos(LCD_D7+0)
;__Lib_Lcd.c,143 :: 		
0x0310	0x1688      	BSF        LCD_D4, BitPos(LCD_D4+0)
;__Lib_Lcd.c,144 :: 		
0x0311	0x1488      	BSF        LCD_EN, BitPos(LCD_EN+0)
;__Lib_Lcd.c,145 :: 		
0x0312	0x2084      	CALL       _Delay_1us
;__Lib_Lcd.c,146 :: 		
0x0313	0x1088      	BCF        LCD_EN, BitPos(LCD_EN+0)
;__Lib_Lcd.c,148 :: 		
0x0314	0x1288      	BCF        LCD_D4, BitPos(LCD_D4+0)
;__Lib_Lcd.c,149 :: 		
0x0315	0x1488      	BSF        LCD_EN, BitPos(LCD_EN+0)
;__Lib_Lcd.c,150 :: 		
0x0316	0x2084      	CALL       _Delay_1us
;__Lib_Lcd.c,151 :: 		
0x0317	0x1088      	BCF        LCD_EN, BitPos(LCD_EN+0)
;__Lib_Lcd.c,152 :: 		
0x0318	0x2079      	CALL       _Delay_5500us
;__Lib_Lcd.c,155 :: 		
0x0319	0x1488      	BSF        LCD_EN, BitPos(LCD_EN+0)
;__Lib_Lcd.c,156 :: 		
0x031A	0x2084      	CALL       _Delay_1us
;__Lib_Lcd.c,157 :: 		
0x031B	0x1088      	BCF        LCD_EN, BitPos(LCD_EN+0)
;__Lib_Lcd.c,159 :: 		
0x031C	0x1688      	BSF        LCD_D4, BitPos(LCD_D4+0)
;__Lib_Lcd.c,160 :: 		
0x031D	0x1488      	BSF        LCD_EN, BitPos(LCD_EN+0)
;__Lib_Lcd.c,161 :: 		
0x031E	0x2084      	CALL       _Delay_1us
;__Lib_Lcd.c,162 :: 		
0x031F	0x1088      	BCF        LCD_EN, BitPos(LCD_EN+0)
;__Lib_Lcd.c,163 :: 		
0x0320	0x2079      	CALL       _Delay_5500us
;__Lib_Lcd.c,166 :: 		
0x0321	0x1288      	BCF        LCD_D4, BitPos(LCD_D4+0)
;__Lib_Lcd.c,167 :: 		
0x0322	0x1488      	BSF        LCD_EN, BitPos(LCD_EN+0)
;__Lib_Lcd.c,168 :: 		
0x0323	0x2084      	CALL       _Delay_1us
;__Lib_Lcd.c,169 :: 		
0x0324	0x1088      	BCF        LCD_EN, BitPos(LCD_EN+0)
;__Lib_Lcd.c,171 :: 		
0x0325	0x1508      	BSF        LCD_D7, BitPos(LCD_D7+0)
;__Lib_Lcd.c,172 :: 		
0x0326	0x1588      	BSF        LCD_D6, BitPos(LCD_D6+0)
;__Lib_Lcd.c,173 :: 		
0x0327	0x1608      	BSF        LCD_D5, BitPos(LCD_D5+0)
;__Lib_Lcd.c,174 :: 		
0x0328	0x1688      	BSF        LCD_D4, BitPos(LCD_D4+0)
;__Lib_Lcd.c,175 :: 		
0x0329	0x1488      	BSF        LCD_EN, BitPos(LCD_EN+0)
;__Lib_Lcd.c,176 :: 		
0x032A	0x2084      	CALL       _Delay_1us
;__Lib_Lcd.c,177 :: 		
0x032B	0x1088      	BCF        LCD_EN, BitPos(LCD_EN+0)
;__Lib_Lcd.c,179 :: 		
0x032C	0x2079      	CALL       _Delay_5500us
;__Lib_Lcd.c,181 :: 		
0x032D	0x1683      	BSF        STATUS, 5
0x032E	0x1452      	BSF        __Lib_Lcd_cmd_status, BitPos(__Lib_Lcd_cmd_status+0)
;__Lib_Lcd.c,182 :: 		
L_end_Lcd_Init:
0x032F	0x0008      	RETURN
; end of _Lcd_Init
_ADC_Init:
;__Lib_ADC_A_C.c,19 :: 		
;__Lib_ADC_A_C.c,20 :: 		
0x0330	0x30FF      	MOVLW      _ADC_Get_Sample
0x0331	0x1683      	BSF        STATUS, 5
0x0332	0x1303      	BCF        STATUS, 6
0x0333	0x00D3      	MOVWF      _ADC_Get_Sample_Ptr
0x0334	0x30FF      	MOVLW      hi_addr(_ADC_Get_Sample)
0x0335	0x00D4      	MOVWF      _ADC_Get_Sample_Ptr+1
0x0336	0x30FF      	MOVLW      FARG_ADC_Get_Sample_channel
0x0337	0x00D5      	MOVWF      _ADC_Get_Sample_Ptr+2
0x0338	0x30FF      	MOVLW      hi_addr(FARG_ADC_Get_Sample_channel)
;__Lib_ADC_A_C.c,22 :: 		
0x0339	0x1283      	BCF        STATUS, 5
0x033A	0x019F      	CLRF       ADCON0
;__Lib_ADC_A_C.c,23 :: 		
0x033B	0x30C0      	MOVLW      192
0x033C	0x049F      	IORWF      ADCON0, 1
;__Lib_ADC_A_C.c,24 :: 		
0x033D	0x1683      	BSF        STATUS, 5
0x033E	0x0926      	COMF       _vref_mask, 0
0x033F	0x00F0      	MOVWF      R0
0x0340	0x0870      	MOVF       R0, 0
0x0341	0x059F      	ANDWF      ADCON1, 1
;__Lib_ADC_A_C.c,25 :: 		
0x0342	0x171F      	BSF        ADCON1, 6
;__Lib_ADC_A_C.c,26 :: 		
0x0343	0x179F      	BSF        ADCON1, 7
;__Lib_ADC_A_C.c,29 :: 		
0x0344	0x1283      	BCF        STATUS, 5
0x0345	0x141F      	BSF        ADCON0, 0
;__Lib_ADC_A_C.c,30 :: 		
L_end_ADC_Init:
0x0346	0x0008      	RETURN
; end of _ADC_Init
___CC2DW:
;__Lib_System.c,134 :: 		
;__Lib_System.c,137 :: 		
_CC2D_Loop1:
;__Lib_System.c,139 :: 		
0x0347	0x21A1      	CALL       _____DoICP
0x0348	0x118A      	BCF        PCLATH, 3
0x0349	0x120A      	BCF        PCLATH, 4
;__Lib_System.c,141 :: 		
0x034A	0x0080      	MOVWF      INDF
;__Lib_System.c,142 :: 		
0x034B	0x0A84      	INCF       FSR, 1
;__Lib_System.c,143 :: 		
0x034C	0x0AD0      	INCF       ___DoICPAddr, 1
;__Lib_System.c,145 :: 		
0x034D	0x1903      	BTFSC      STATUS, 2
;__Lib_System.c,146 :: 		
0x034E	0x0AD1      	INCF       ___DoICPAddr+1, 1
;__Lib_System.c,147 :: 		
0x034F	0x03F0      	DECF       R0, 1
;__Lib_System.c,149 :: 		
0x0350	0x1D03      	BTFSS      STATUS, 2
;__Lib_System.c,150 :: 		
0x0351	0x2B47      	GOTO       _CC2D_Loop1
;__Lib_System.c,152 :: 		
L_end___CC2DW:
0x0352	0x0008      	RETURN
; end of ___CC2DW
_readHumidity:
;lcd.c,87 :: 		void readHumidity()
;lcd.c,89 :: 		hum= adc_read(0);
0x0353	0x1683      	BSF        STATUS, 5
0x0354	0x1303      	BCF        STATUS, 6
0x0355	0x01DA      	CLRF       FARG_ADC_Read_channel
0x0356	0x21A8      	CALL       _ADC_Read
0x0357	0x0870      	MOVF       R0, 0
0x0358	0x00CE      	MOVWF      _hum
0x0359	0x0871      	MOVF       R0+1, 0
0x035A	0x00CF      	MOVWF      _hum+1
;lcd.c,90 :: 		if(hum>=23 && hum<=66){
0x035B	0x3080      	MOVLW      128
0x035C	0x0671      	XORWF      R0+1, 0
0x035D	0x00F2      	MOVWF      R2
0x035E	0x3080      	MOVLW      128
0x035F	0x0272      	SUBWF      R2, 0
0x0360	0x1D03      	BTFSS      STATUS, 2
0x0361	0x2B64      	GOTO       L__readHumidity75
0x0362	0x3017      	MOVLW      23
0x0363	0x0270      	SUBWF      R0, 0
L__readHumidity75:
0x0364	0x1C03      	BTFSS      STATUS, 0
0x0365	0x2B76      	GOTO       L_readHumidity8
0x0366	0x3080      	MOVLW      128
0x0367	0x00F0      	MOVWF      R0
0x0368	0x3080      	MOVLW      128
0x0369	0x064F      	XORWF      _hum+1, 0
0x036A	0x0270      	SUBWF      R0, 0
0x036B	0x1D03      	BTFSS      STATUS, 2
0x036C	0x2B6F      	GOTO       L__readHumidity76
0x036D	0x084E      	MOVF       _hum, 0
0x036E	0x3C42      	SUBLW      66
L__readHumidity76:
0x036F	0x1C03      	BTFSS      STATUS, 0
0x0370	0x2B76      	GOTO       L_readHumidity8
L__readHumidity57:
;lcd.c,91 :: 		hum=hum-1;
0x0371	0x3001      	MOVLW      1
0x0372	0x02CE      	SUBWF      _hum, 1
0x0373	0x1C03      	BTFSS      STATUS, 0
0x0374	0x03CF      	DECF       _hum+1, 1
;lcd.c,92 :: 		}else if(hum>=67){
0x0375	0x2B85      	GOTO       L_readHumidity9
L_readHumidity8:
0x0376	0x3080      	MOVLW      128
0x0377	0x064F      	XORWF      _hum+1, 0
0x0378	0x00F0      	MOVWF      R0
0x0379	0x3080      	MOVLW      128
0x037A	0x0270      	SUBWF      R0, 0
0x037B	0x1D03      	BTFSS      STATUS, 2
0x037C	0x2B7F      	GOTO       L__readHumidity77
0x037D	0x3043      	MOVLW      67
0x037E	0x024E      	SUBWF      _hum, 0
L__readHumidity77:
0x037F	0x1C03      	BTFSS      STATUS, 0
0x0380	0x2B85      	GOTO       L_readHumidity10
;lcd.c,93 :: 		hum=hum-2;
0x0381	0x3002      	MOVLW      2
0x0382	0x02CE      	SUBWF      _hum, 1
0x0383	0x1C03      	BTFSS      STATUS, 0
0x0384	0x03CF      	DECF       _hum+1, 1
;lcd.c,94 :: 		}
L_readHumidity10:
L_readHumidity9:
;lcd.c,95 :: 		}
L_end_readHumidity:
0x0385	0x0008      	RETURN
; end of _readHumidity
_EEPROM_Write:
;__Lib_EEPROM.c,16 :: 		
;__Lib_EEPROM.c,20 :: 		
L_EEPROM_Write0:
0x0386	0x1683      	BSF        STATUS, 5
0x0387	0x1703      	BSF        STATUS, 6
0x0388	0x1C8C      	BTFSS      EECON1, 1
0x0389	0x2B8C      	GOTO       L_EEPROM_Write1
0x038A	0x0000      	NOP
0x038B	0x2B86      	GOTO       L_EEPROM_Write0
L_EEPROM_Write1:
;__Lib_EEPROM.c,21 :: 		
0x038C	0x1303      	BCF        STATUS, 6
0x038D	0x0858      	MOVF       FARG_EEPROM_Write_Address, 0
0x038E	0x1283      	BCF        STATUS, 5
0x038F	0x1703      	BSF        STATUS, 6
0x0390	0x008D      	MOVWF      EEADR
;__Lib_EEPROM.c,22 :: 		
0x0391	0x1683      	BSF        STATUS, 5
0x0392	0x1303      	BCF        STATUS, 6
0x0393	0x0859      	MOVF       FARG_EEPROM_Write_data_, 0
0x0394	0x1283      	BCF        STATUS, 5
0x0395	0x1703      	BSF        STATUS, 6
0x0396	0x008C      	MOVWF      EEDATA
;__Lib_EEPROM.c,23 :: 		
0x0397	0x1683      	BSF        STATUS, 5
0x0398	0x138C      	BCF        EECON1, 7
;__Lib_EEPROM.c,24 :: 		
0x0399	0x150C      	BSF        EECON1, 2
;__Lib_EEPROM.c,26 :: 		
0x039A	0x080B      	MOVF       INTCON, 0
0x039B	0x00F0      	MOVWF      R0
;__Lib_EEPROM.c,29 :: 		
0x039C	0x138B      	BCF        INTCON, 7
;__Lib_EEPROM.c,30 :: 		
0x039D	0x3055      	MOVLW      85
0x039E	0x008D      	MOVWF      EECON2
;__Lib_EEPROM.c,31 :: 		
0x039F	0x30AA      	MOVLW      170
0x03A0	0x008D      	MOVWF      EECON2
;__Lib_EEPROM.c,32 :: 		
0x03A1	0x148C      	BSF        EECON1, 1
;__Lib_EEPROM.c,36 :: 		
0x03A2	0x1BF0      	BTFSC      R0, 7
0x03A3	0x2BA6      	GOTO       L__EEPROM_Write4
0x03A4	0x138B      	BCF        INTCON, 7
0x03A5	0x2BA7      	GOTO       L__EEPROM_Write5
L__EEPROM_Write4:
0x03A6	0x178B      	BSF        INTCON, 7
L__EEPROM_Write5:
;__Lib_EEPROM.c,37 :: 		
0x03A7	0x110C      	BCF        EECON1, 2
;__Lib_EEPROM.c,38 :: 		
L_end_EEPROM_Write:
0x03A8	0x0008      	RETURN
; end of _EEPROM_Write
_main:
0x03A9	0x2562      	CALL       1378
;lcd.c,148 :: 		void main(){
;lcd.c,149 :: 		trisD=0;
0x03AA	0x1683      	BSF        STATUS, 5
0x03AB	0x1303      	BCF        STATUS, 6
0x03AC	0x0188      	CLRF       TRISD
;lcd.c,150 :: 		portD=0;
0x03AD	0x1283      	BCF        STATUS, 5
0x03AE	0x0188      	CLRF       PORTD
;lcd.c,151 :: 		TRISB.RB0=1;
0x03AF	0x1683      	BSF        STATUS, 5
0x03B0	0x1406      	BSF        TRISB, 0
;lcd.c,152 :: 		TRISB.RB4=1;
0x03B1	0x1606      	BSF        TRISB, 4
;lcd.c,153 :: 		TRISB.RB5=1;
0x03B2	0x1686      	BSF        TRISB, 5
;lcd.c,156 :: 		INTCON.GIE=1; //registre global des interruptions  flagbit7
0x03B3	0x178B      	BSF        INTCON, 7
;lcd.c,157 :: 		INTCON.RBIE=1;                    //registre du portb   flagbit3
0x03B4	0x158B      	BSF        INTCON, 3
;lcd.c,158 :: 		INTCON.INTE=1;           //rb0            flagbit4
0x03B5	0x160B      	BSF        INTCON, 4
;lcd.c,159 :: 		OPTION_REG.INTEDG=1;          //rb0 montant mode compteur  flagbit6
0x03B6	0x1701      	BSF        OPTION_REG, 6
;lcd.c,161 :: 		TMR0= 0;
0x03B7	0x1283      	BCF        STATUS, 5
0x03B8	0x0181      	CLRF       TMR0
;lcd.c,162 :: 		INTCON.T0IE=1;            //config interruption global       bit 5
0x03B9	0x168B      	BSF        INTCON, 5
;lcd.c,163 :: 		OPTION_REG.T0CS=0;        //config interruption timer  bit 5
0x03BA	0x1683      	BSF        STATUS, 5
0x03BB	0x1281      	BCF        OPTION_REG, 5
;lcd.c,164 :: 		OPTION_REG.T0SE=0;         //config interrup timer mode compteur   bit 5
0x03BC	0x1201      	BCF        OPTION_REG, 4
;lcd.c,165 :: 		OPTION_REG.PSA=0;                  //prdivisuer
0x03BD	0x1181      	BCF        OPTION_REG, 3
;lcd.c,166 :: 		OPTION_REG.PS2=1;
0x03BE	0x1501      	BSF        OPTION_REG, 2
;lcd.c,167 :: 		OPTION_REG.PS1=1;
0x03BF	0x1481      	BSF        OPTION_REG, 1
;lcd.c,168 :: 		OPTION_REG.PS0=1;
0x03C0	0x1401      	BSF        OPTION_REG, 0
;lcd.c,170 :: 		EEPROM_Write(0x02,nb_panne);
0x03C1	0x3002      	MOVLW      2
0x03C2	0x00D8      	MOVWF      FARG_EEPROM_Write_Address
0x03C3	0x1283      	BCF        STATUS, 5
0x03C4	0x085B      	MOVF       _nb_panne, 0
0x03C5	0x1683      	BSF        STATUS, 5
0x03C6	0x00D9      	MOVWF      FARG_EEPROM_Write_data_
0x03C7	0x2386      	CALL       _EEPROM_Write
;lcd.c,171 :: 		Lcd_Init();
0x03C8	0x22E1      	CALL       _Lcd_Init
;lcd.c,172 :: 		Lcd_Cmd(_LCD_CURSOR_OFF);
0x03C9	0x300C      	MOVLW      12
0x03CA	0x00E8      	MOVWF      FARG_Lcd_Cmd_out_char
0x03CB	0x20A3      	CALL       _Lcd_Cmd
;lcd.c,173 :: 		Lcd_out(1,5,"Welcome");
0x03CC	0x3001      	MOVLW      1
0x03CD	0x1683      	BSF        STATUS, 5
0x03CE	0x00DA      	MOVWF      FARG_Lcd_Out_row
0x03CF	0x3005      	MOVLW      5
0x03D0	0x00DB      	MOVWF      FARG_Lcd_Out_column
0x03D1	0x303A      	MOVLW      ?lstr7_lcd
0x03D2	0x00DC      	MOVWF      FARG_Lcd_Out_text
0x03D3	0x2160      	CALL       _Lcd_Out
;lcd.c,174 :: 		delay_ms(900);
0x03D4	0x3005      	MOVLW      5
0x03D5	0x00FB      	MOVWF      R11
0x03D6	0x3091      	MOVLW      145
0x03D7	0x00FC      	MOVWF      R12
0x03D8	0x30CF      	MOVLW      207
0x03D9	0x00FD      	MOVWF      R13
L_main26:
0x03DA	0x0BFD      	DECFSZ     R13, 1
0x03DB	0x2BDA      	GOTO       L_main26
0x03DC	0x0BFC      	DECFSZ     R12, 1
0x03DD	0x2BDA      	GOTO       L_main26
0x03DE	0x0BFB      	DECFSZ     R11, 1
0x03DF	0x2BDA      	GOTO       L_main26
0x03E0	0x0000      	NOP
0x03E1	0x0000      	NOP
;lcd.c,175 :: 		Lcd_Cmd(_LCD_CLEAR);
0x03E2	0x3001      	MOVLW      1
0x03E3	0x00E8      	MOVWF      FARG_Lcd_Cmd_out_char
0x03E4	0x20A3      	CALL       _Lcd_Cmd
;lcd.c,176 :: 		Lcd_out(1,3,"SMART GARDEN");
0x03E5	0x3001      	MOVLW      1
0x03E6	0x1683      	BSF        STATUS, 5
0x03E7	0x00DA      	MOVWF      FARG_Lcd_Out_row
0x03E8	0x3003      	MOVLW      3
0x03E9	0x00DB      	MOVWF      FARG_Lcd_Out_column
0x03EA	0x30A7      	MOVLW      ?lstr8_lcd
0x03EB	0x00DC      	MOVWF      FARG_Lcd_Out_text
0x03EC	0x2160      	CALL       _Lcd_Out
;lcd.c,177 :: 		Lcd_out(2,3,"By 2A5");
0x03ED	0x3002      	MOVLW      2
0x03EE	0x00DA      	MOVWF      FARG_Lcd_Out_row
0x03EF	0x3003      	MOVLW      3
0x03F0	0x00DB      	MOVWF      FARG_Lcd_Out_column
0x03F1	0x30B8      	MOVLW      ?lstr9_lcd
0x03F2	0x00DC      	MOVWF      FARG_Lcd_Out_text
0x03F3	0x2160      	CALL       _Lcd_Out
;lcd.c,178 :: 		delay_ms(1200);
0x03F4	0x3007      	MOVLW      7
0x03F5	0x00FB      	MOVWF      R11
0x03F6	0x3017      	MOVLW      23
0x03F7	0x00FC      	MOVWF      R12
0x03F8	0x306A      	MOVLW      106
0x03F9	0x00FD      	MOVWF      R13
L_main27:
0x03FA	0x0BFD      	DECFSZ     R13, 1
0x03FB	0x2BFA      	GOTO       L_main27
0x03FC	0x0BFC      	DECFSZ     R12, 1
0x03FD	0x2BFA      	GOTO       L_main27
0x03FE	0x0BFB      	DECFSZ     R11, 1
0x03FF	0x2BFA      	GOTO       L_main27
0x0400	0x0000      	NOP
;lcd.c,179 :: 		Lcd_Cmd(_LCD_CLEAR);
0x0401	0x3001      	MOVLW      1
0x0402	0x00E8      	MOVWF      FARG_Lcd_Cmd_out_char
0x0403	0x20A3      	CALL       _Lcd_Cmd
;lcd.c,180 :: 		ADC_init();
0x0404	0x2330      	CALL       _ADC_Init
;lcd.c,182 :: 		do{
L_main28:
;lcd.c,183 :: 		readHumidity();
0x0405	0x2353      	CALL       _readHumidity
;lcd.c,185 :: 		if(finArrosageClrCount==0 && hum>28){
0x0406	0x3000      	MOVLW      0
0x0407	0x1283      	BCF        STATUS, 5
0x0408	0x065A      	XORWF      _finArrosageClrCount+1, 0
0x0409	0x1D03      	BTFSS      STATUS, 2
0x040A	0x2C0D      	GOTO       L__main83
0x040B	0x3000      	MOVLW      0
0x040C	0x0659      	XORWF      _finArrosageClrCount, 0
L__main83:
0x040D	0x1D03      	BTFSS      STATUS, 2
0x040E	0x2C1C      	GOTO       L_main33
0x040F	0x3080      	MOVLW      128
0x0410	0x00F0      	MOVWF      R0
0x0411	0x3080      	MOVLW      128
0x0412	0x1683      	BSF        STATUS, 5
0x0413	0x064F      	XORWF      _hum+1, 0
0x0414	0x0270      	SUBWF      R0, 0
0x0415	0x1D03      	BTFSS      STATUS, 2
0x0416	0x2C19      	GOTO       L__main84
0x0417	0x084E      	MOVF       _hum, 0
0x0418	0x3C1C      	SUBLW      28
L__main84:
0x0419	0x1803      	BTFSC      STATUS, 0
0x041A	0x2C1C      	GOTO       L_main33
L__main63:
;lcd.c,186 :: 		arrosage();
0x041B	0x22A0      	CALL       _arrosage
;lcd.c,187 :: 		}
L_main33:
;lcd.c,190 :: 		if(testArrosage==1){
0x041C	0x3000      	MOVLW      0
0x041D	0x1683      	BSF        STATUS, 5
0x041E	0x0637      	XORWF      _testArrosage+1, 0
0x041F	0x1D03      	BTFSS      STATUS, 2
0x0420	0x2C23      	GOTO       L__main85
0x0421	0x3001      	MOVLW      1
0x0422	0x0636      	XORWF      _testArrosage, 0
L__main85:
0x0423	0x1D03      	BTFSS      STATUS, 2
0x0424	0x2C27      	GOTO       L_main34
;lcd.c,191 :: 		arrosage();
0x0425	0x22A0      	CALL       _arrosage
;lcd.c,192 :: 		}else{
0x0426	0x2CEC      	GOTO       L_main35
L_main34:
;lcd.c,193 :: 		if(testFinArrosage == 1){
0x0427	0x3000      	MOVLW      0
0x0428	0x1683      	BSF        STATUS, 5
0x0429	0x0635      	XORWF      _testFinArrosage+1, 0
0x042A	0x1D03      	BTFSS      STATUS, 2
0x042B	0x2C2E      	GOTO       L__main86
0x042C	0x3001      	MOVLW      1
0x042D	0x0634      	XORWF      _testFinArrosage, 0
L__main86:
0x042E	0x1D03      	BTFSS      STATUS, 2
0x042F	0x2C31      	GOTO       L_main36
;lcd.c,194 :: 		finArrosage();
0x0430	0x223A      	CALL       _finArrosage
;lcd.c,195 :: 		}
L_main36:
;lcd.c,197 :: 		if(consulterTest == 1){
0x0431	0x3000      	MOVLW      0
0x0432	0x1683      	BSF        STATUS, 5
0x0433	0x0623      	XORWF      _consulterTest+1, 0
0x0434	0x1D03      	BTFSS      STATUS, 2
0x0435	0x2C38      	GOTO       L__main87
0x0436	0x3001      	MOVLW      1
0x0437	0x0622      	XORWF      _consulterTest, 0
L__main87:
0x0438	0x1D03      	BTFSS      STATUS, 2
0x0439	0x2C58      	GOTO       L_main37
;lcd.c,198 :: 		while(timerConsulter>0){
L_main38:
0x043A	0x1683      	BSF        STATUS, 5
0x043B	0x3080      	MOVLW      128
0x043C	0x00F0      	MOVWF      R0
0x043D	0x3080      	MOVLW      128
0x043E	0x0621      	XORWF      _timerConsulter+1, 0
0x043F	0x0270      	SUBWF      R0, 0
0x0440	0x1D03      	BTFSS      STATUS, 2
0x0441	0x2C44      	GOTO       L__main88
0x0442	0x0820      	MOVF       _timerConsulter, 0
0x0443	0x3C00      	SUBLW      0
L__main88:
0x0444	0x1803      	BTFSC      STATUS, 0
0x0445	0x2C57      	GOTO       L_main39
;lcd.c,199 :: 		consulter();
0x0446	0x2260      	CALL       _consulter
;lcd.c,200 :: 		if(timerConsulter<=0){
0x0447	0x3080      	MOVLW      128
0x0448	0x00F0      	MOVWF      R0
0x0449	0x3080      	MOVLW      128
0x044A	0x1683      	BSF        STATUS, 5
0x044B	0x0621      	XORWF      _timerConsulter+1, 0
0x044C	0x0270      	SUBWF      R0, 0
0x044D	0x1D03      	BTFSS      STATUS, 2
0x044E	0x2C51      	GOTO       L__main89
0x044F	0x0820      	MOVF       _timerConsulter, 0
0x0450	0x3C00      	SUBLW      0
L__main89:
0x0451	0x1C03      	BTFSS      STATUS, 0
0x0452	0x2C56      	GOTO       L_main40
;lcd.c,201 :: 		Lcd_Cmd(_LCD_CLEAR);
0x0453	0x3001      	MOVLW      1
0x0454	0x00E8      	MOVWF      FARG_Lcd_Cmd_out_char
0x0455	0x20A3      	CALL       _Lcd_Cmd
;lcd.c,202 :: 		}
L_main40:
;lcd.c,203 :: 		}
0x0456	0x2C3A      	GOTO       L_main38
L_main39:
;lcd.c,204 :: 		}else{
0x0457	0x2CEC      	GOTO       L_main41
L_main37:
0x0458	0x1283      	BCF        STATUS, 5
;lcd.c,205 :: 		consulterClrCount=0;
0x0459	0x01AB      	CLRF       _consulterClrCount
0x045A	0x01AC      	CLRF       _consulterClrCount+1
;lcd.c,207 :: 		if(hum<=30 && hum>28){
0x045B	0x3080      	MOVLW      128
0x045C	0x00F0      	MOVWF      R0
0x045D	0x3080      	MOVLW      128
0x045E	0x1683      	BSF        STATUS, 5
0x045F	0x064F      	XORWF      _hum+1, 0
0x0460	0x0270      	SUBWF      R0, 0
0x0461	0x1D03      	BTFSS      STATUS, 2
0x0462	0x2C65      	GOTO       L__main90
0x0463	0x084E      	MOVF       _hum, 0
0x0464	0x3C1E      	SUBLW      30
L__main90:
0x0465	0x1C03      	BTFSS      STATUS, 0
0x0466	0x2C77      	GOTO       L_main44
0x0467	0x3080      	MOVLW      128
0x0468	0x00F0      	MOVWF      R0
0x0469	0x3080      	MOVLW      128
0x046A	0x064F      	XORWF      _hum+1, 0
0x046B	0x0270      	SUBWF      R0, 0
0x046C	0x1D03      	BTFSS      STATUS, 2
0x046D	0x2C70      	GOTO       L__main91
0x046E	0x084E      	MOVF       _hum, 0
0x046F	0x3C1C      	SUBLW      28
L__main91:
0x0470	0x1803      	BTFSC      STATUS, 0
0x0471	0x2C77      	GOTO       L_main44
L__main62:
;lcd.c,208 :: 		arrosage();
0x0472	0x22A0      	CALL       _arrosage
;lcd.c,209 :: 		testFinArrosage=0;
0x0473	0x1683      	BSF        STATUS, 5
0x0474	0x01B4      	CLRF       _testFinArrosage
0x0475	0x01B5      	CLRF       _testFinArrosage+1
;lcd.c,210 :: 		}else if(hum>=50){
0x0476	0x2C88      	GOTO       L_main45
L_main44:
0x0477	0x3080      	MOVLW      128
0x0478	0x064F      	XORWF      _hum+1, 0
0x0479	0x00F0      	MOVWF      R0
0x047A	0x3080      	MOVLW      128
0x047B	0x0270      	SUBWF      R0, 0
0x047C	0x1D03      	BTFSS      STATUS, 2
0x047D	0x2C80      	GOTO       L__main92
0x047E	0x3032      	MOVLW      50
0x047F	0x024E      	SUBWF      _hum, 0
L__main92:
0x0480	0x1C03      	BTFSS      STATUS, 0
0x0481	0x2C88      	GOTO       L_main46
;lcd.c,211 :: 		finArrosage();
0x0482	0x223A      	CALL       _finArrosage
;lcd.c,212 :: 		testFinArrosage=1;
0x0483	0x3001      	MOVLW      1
0x0484	0x1683      	BSF        STATUS, 5
0x0485	0x00B4      	MOVWF      _testFinArrosage
0x0486	0x3000      	MOVLW      0
0x0487	0x00B5      	MOVWF      _testFinArrosage+1
;lcd.c,213 :: 		}
L_main46:
L_main45:
;lcd.c,215 :: 		if(hum<29){
0x0488	0x3080      	MOVLW      128
0x0489	0x064F      	XORWF      _hum+1, 0
0x048A	0x00F0      	MOVWF      R0
0x048B	0x3080      	MOVLW      128
0x048C	0x0270      	SUBWF      R0, 0
0x048D	0x1D03      	BTFSS      STATUS, 2
0x048E	0x2C91      	GOTO       L__main93
0x048F	0x301D      	MOVLW      29
0x0490	0x024E      	SUBWF      _hum, 0
L__main93:
0x0491	0x1803      	BTFSC      STATUS, 0
0x0492	0x2CB4      	GOTO       L_main47
;lcd.c,216 :: 		panne();
0x0493	0x2294      	CALL       _panne
;lcd.c,217 :: 		if(startPanne==0){
0x0494	0x3000      	MOVLW      0
0x0495	0x066F      	XORWF      _startPanne+1, 0
0x0496	0x1D03      	BTFSS      STATUS, 2
0x0497	0x2C9A      	GOTO       L__main94
0x0498	0x3000      	MOVLW      0
0x0499	0x066E      	XORWF      _startPanne, 0
L__main94:
0x049A	0x1D03      	BTFSS      STATUS, 2
0x049B	0x2CAD      	GOTO       L_main48
;lcd.c,218 :: 		timerBippeur=4577; //5 minute
0x049C	0x30E1      	MOVLW      225
0x049D	0x1683      	BSF        STATUS, 5
0x049E	0x00A4      	MOVWF      _timerBippeur
0x049F	0x3011      	MOVLW      17
0x04A0	0x00A5      	MOVWF      _timerBippeur+1
;lcd.c,219 :: 		nb_panne++;
0x04A1	0x1283      	BCF        STATUS, 5
0x04A2	0x0ADB      	INCF       _nb_panne, 1
0x04A3	0x1903      	BTFSC      STATUS, 2
0x04A4	0x0ADC      	INCF       _nb_panne+1, 1
;lcd.c,220 :: 		EEPROM_Write(0x02,nb_panne);
0x04A5	0x3002      	MOVLW      2
0x04A6	0x1683      	BSF        STATUS, 5
0x04A7	0x00D8      	MOVWF      FARG_EEPROM_Write_Address
0x04A8	0x1283      	BCF        STATUS, 5
0x04A9	0x085B      	MOVF       _nb_panne, 0
0x04AA	0x1683      	BSF        STATUS, 5
0x04AB	0x00D9      	MOVWF      FARG_EEPROM_Write_data_
0x04AC	0x2386      	CALL       _EEPROM_Write
;lcd.c,221 :: 		}
L_main48:
;lcd.c,222 :: 		startPanne=1;
0x04AD	0x3001      	MOVLW      1
0x04AE	0x1283      	BCF        STATUS, 5
0x04AF	0x1303      	BCF        STATUS, 6
0x04B0	0x00EE      	MOVWF      _startPanne
0x04B1	0x3000      	MOVLW      0
0x04B2	0x00EF      	MOVWF      _startPanne+1
;lcd.c,223 :: 		}else{
0x04B3	0x2CB7      	GOTO       L_main49
L_main47:
0x04B4	0x1283      	BCF        STATUS, 5
;lcd.c,224 :: 		startPanne=0;
0x04B5	0x01EE      	CLRF       _startPanne
0x04B6	0x01EF      	CLRF       _startPanne+1
;lcd.c,225 :: 		}
L_main49:
;lcd.c,227 :: 		while(hum<29 && timerBippeur>0){
L_main50:
0x04B7	0x3080      	MOVLW      128
0x04B8	0x1683      	BSF        STATUS, 5
0x04B9	0x064F      	XORWF      _hum+1, 0
0x04BA	0x00F0      	MOVWF      R0
0x04BB	0x3080      	MOVLW      128
0x04BC	0x0270      	SUBWF      R0, 0
0x04BD	0x1D03      	BTFSS      STATUS, 2
0x04BE	0x2CC1      	GOTO       L__main95
0x04BF	0x301D      	MOVLW      29
0x04C0	0x024E      	SUBWF      _hum, 0
L__main95:
0x04C1	0x1803      	BTFSC      STATUS, 0
0x04C2	0x2CEC      	GOTO       L_main51
0x04C3	0x3080      	MOVLW      128
0x04C4	0x00F0      	MOVWF      R0
0x04C5	0x3080      	MOVLW      128
0x04C6	0x0625      	XORWF      _timerBippeur+1, 0
0x04C7	0x0270      	SUBWF      R0, 0
0x04C8	0x1D03      	BTFSS      STATUS, 2
0x04C9	0x2CCC      	GOTO       L__main96
0x04CA	0x0824      	MOVF       _timerBippeur, 0
0x04CB	0x3C00      	SUBLW      0
L__main96:
0x04CC	0x1803      	BTFSC      STATUS, 0
0x04CD	0x2CEC      	GOTO       L_main51
L__main61:
;lcd.c,228 :: 		readHumidity();
0x04CE	0x2353      	CALL       _readHumidity
;lcd.c,229 :: 		bipeur();
0x04CF	0x22BF      	CALL       _bipeur
;lcd.c,231 :: 		if(hum>=29 || timerBippeur<=0){
0x04D0	0x3080      	MOVLW      128
0x04D1	0x1683      	BSF        STATUS, 5
0x04D2	0x064F      	XORWF      _hum+1, 0
0x04D3	0x00F0      	MOVWF      R0
0x04D4	0x3080      	MOVLW      128
0x04D5	0x0270      	SUBWF      R0, 0
0x04D6	0x1D03      	BTFSS      STATUS, 2
0x04D7	0x2CDA      	GOTO       L__main97
0x04D8	0x301D      	MOVLW      29
0x04D9	0x024E      	SUBWF      _hum, 0
L__main97:
0x04DA	0x1803      	BTFSC      STATUS, 0
0x04DB	0x2CE8      	GOTO       L__main60
0x04DC	0x3080      	MOVLW      128
0x04DD	0x00F0      	MOVWF      R0
0x04DE	0x3080      	MOVLW      128
0x04DF	0x0625      	XORWF      _timerBippeur+1, 0
0x04E0	0x0270      	SUBWF      R0, 0
0x04E1	0x1D03      	BTFSS      STATUS, 2
0x04E2	0x2CE5      	GOTO       L__main98
0x04E3	0x0824      	MOVF       _timerBippeur, 0
0x04E4	0x3C00      	SUBLW      0
L__main98:
0x04E5	0x1803      	BTFSC      STATUS, 0
0x04E6	0x2CE8      	GOTO       L__main60
0x04E7	0x2CEB      	GOTO       L_main56
L__main60:
;lcd.c,232 :: 		Lcd_Cmd(_LCD_CLEAR);
0x04E8	0x3001      	MOVLW      1
0x04E9	0x00E8      	MOVWF      FARG_Lcd_Cmd_out_char
0x04EA	0x20A3      	CALL       _Lcd_Cmd
;lcd.c,233 :: 		}
L_main56:
;lcd.c,234 :: 		}
0x04EB	0x2CB7      	GOTO       L_main50
L_main51:
;lcd.c,236 :: 		}
L_main41:
;lcd.c,237 :: 		}
L_main35:
;lcd.c,239 :: 		}while(1);
0x04EC	0x2C05      	GOTO       L_main28
;lcd.c,241 :: 		}
L_end_main:
0x04ED	0x2CED      	GOTO       $+0
; end of _main
0x0562	0x3021      	MOVLW      33
0x0563	0x0084      	MOVWF      FSR
0x0564	0x304F      	MOVLW      79
0x0565	0x1283      	BCF        STATUS, 5
0x0566	0x1303      	BCF        STATUS, 6
0x0567	0x00F0      	MOVWF      R0
0x0568	0x30F3      	MOVLW      243
0x0569	0x1683      	BSF        STATUS, 5
0x056A	0x00D0      	MOVWF      ___DoICPAddr
0x056B	0x3004      	MOVLW      4
0x056C	0x00D1      	MOVWF      209
0x056D	0x2347      	CALL       839
0x056E	0x30A0      	MOVLW      160
0x056F	0x0084      	MOVWF      FSR
0x0570	0x301F      	MOVLW      31
0x0571	0x1283      	BCF        STATUS, 5
0x0572	0x1303      	BCF        STATUS, 6
0x0573	0x00F0      	MOVWF      R0
0x0574	0x3042      	MOVLW      66
0x0575	0x1683      	BSF        STATUS, 5
0x0576	0x00D0      	MOVWF      ___DoICPAddr
0x0577	0x3005      	MOVLW      5
0x0578	0x00D1      	MOVWF      209
0x0579	0x2347      	CALL       839
0x057A	0x0008      	RETURN
;lcd.c,0 :: ?ICS?lstr6_lcd
0x04F3	0x346E ;?ICS?lstr6_lcd+0
0x04F4	0x3462 ;?ICS?lstr6_lcd+1
0x04F5	0x345F ;?ICS?lstr6_lcd+2
0x04F6	0x3470 ;?ICS?lstr6_lcd+3
0x04F7	0x3461 ;?ICS?lstr6_lcd+4
0x04F8	0x346E ;?ICS?lstr6_lcd+5
0x04F9	0x346E ;?ICS?lstr6_lcd+6
0x04FA	0x3465 ;?ICS?lstr6_lcd+7
0x04FB	0x343A ;?ICS?lstr6_lcd+8
0x04FC	0x3400 ;?ICS?lstr6_lcd+9
; end of ?ICS?lstr6_lcd
;lcd.c,0 :: ?ICS_consulterClrCount
0x04FD	0x3400 ;?ICS_consulterClrCount+0
0x04FE	0x3400 ;?ICS_consulterClrCount+1
; end of ?ICS_consulterClrCount
;lcd.c,0 :: ?ICS?lstr2_lcd
0x04FF	0x3446 ;?ICS?lstr2_lcd+0
0x0500	0x3469 ;?ICS?lstr2_lcd+1
0x0501	0x346E ;?ICS?lstr2_lcd+2
0x0502	0x3420 ;?ICS?lstr2_lcd+3
0x0503	0x3461 ;?ICS?lstr2_lcd+4
0x0504	0x3472 ;?ICS?lstr2_lcd+5
0x0505	0x3472 ;?ICS?lstr2_lcd+6
0x0506	0x346F ;?ICS?lstr2_lcd+7
0x0507	0x3473 ;?ICS?lstr2_lcd+8
0x0508	0x3461 ;?ICS?lstr2_lcd+9
0x0509	0x3467 ;?ICS?lstr2_lcd+10
0x050A	0x3465 ;?ICS?lstr2_lcd+11
0x050B	0x3400 ;?ICS?lstr2_lcd+12
; end of ?ICS?lstr2_lcd
;lcd.c,0 :: ?ICS?lstr7_lcd
0x050C	0x3457 ;?ICS?lstr7_lcd+0
0x050D	0x3465 ;?ICS?lstr7_lcd+1
0x050E	0x346C ;?ICS?lstr7_lcd+2
0x050F	0x3463 ;?ICS?lstr7_lcd+3
0x0510	0x346F ;?ICS?lstr7_lcd+4
0x0511	0x346D ;?ICS?lstr7_lcd+5
0x0512	0x3465 ;?ICS?lstr7_lcd+6
0x0513	0x3400 ;?ICS?lstr7_lcd+7
; end of ?ICS?lstr7_lcd
;lcd.c,0 :: ?ICS?lstr4_lcd
0x0514	0x3453 ;?ICS?lstr4_lcd+0
0x0515	0x3479 ;?ICS?lstr4_lcd+1
0x0516	0x3473 ;?ICS?lstr4_lcd+2
0x0517	0x3474 ;?ICS?lstr4_lcd+3
0x0518	0x3465 ;?ICS?lstr4_lcd+4
0x0519	0x346D ;?ICS?lstr4_lcd+5
0x051A	0x3465 ;?ICS?lstr4_lcd+6
0x051B	0x3420 ;?ICS?lstr4_lcd+7
0x051C	0x3465 ;?ICS?lstr4_lcd+8
0x051D	0x346E ;?ICS?lstr4_lcd+9
0x051E	0x3420 ;?ICS?lstr4_lcd+10
0x051F	0x3470 ;?ICS?lstr4_lcd+11
0x0520	0x3461 ;?ICS?lstr4_lcd+12
0x0521	0x346E ;?ICS?lstr4_lcd+13
0x0522	0x346E ;?ICS?lstr4_lcd+14
0x0523	0x3465 ;?ICS?lstr4_lcd+15
0x0524	0x3400 ;?ICS?lstr4_lcd+16
; end of ?ICS?lstr4_lcd
;lcd.c,0 :: ?ICS?lstr3_lcd
0x0525	0x3467 ;?ICS?lstr3_lcd+0
0x0526	0x3461 ;?ICS?lstr3_lcd+1
0x0527	0x347A ;?ICS?lstr3_lcd+2
0x0528	0x346F ;?ICS?lstr3_lcd+3
0x0529	0x346E ;?ICS?lstr3_lcd+4
0x052A	0x3400 ;?ICS?lstr3_lcd+5
; end of ?ICS?lstr3_lcd
;lcd.c,0 :: ?ICS_finArrosageClrCount
0x052B	0x3400 ;?ICS_finArrosageClrCount+0
0x052C	0x3400 ;?ICS_finArrosageClrCount+1
; end of ?ICS_finArrosageClrCount
;lcd.c,0 :: ?ICS_nb_panne
0x052D	0x3400 ;?ICS_nb_panne+0
0x052E	0x3400 ;?ICS_nb_panne+1
; end of ?ICS_nb_panne
;lcd.c,0 :: ?ICS?lstr1_lcd
0x052F	0x3441 ;?ICS?lstr1_lcd+0
0x0530	0x3472 ;?ICS?lstr1_lcd+1
0x0531	0x3472 ;?ICS?lstr1_lcd+2
0x0532	0x346F ;?ICS?lstr1_lcd+3
0x0533	0x3473 ;?ICS?lstr1_lcd+4
0x0534	0x3461 ;?ICS?lstr1_lcd+5
0x0535	0x3467 ;?ICS?lstr1_lcd+6
0x0536	0x3465 ;?ICS?lstr1_lcd+7
0x0537	0x3420 ;?ICS?lstr1_lcd+8
0x0538	0x3467 ;?ICS?lstr1_lcd+9
0x0539	0x3461 ;?ICS?lstr1_lcd+10
0x053A	0x347A ;?ICS?lstr1_lcd+11
0x053B	0x346F ;?ICS?lstr1_lcd+12
0x053C	0x346E ;?ICS?lstr1_lcd+13
0x053D	0x3400 ;?ICS?lstr1_lcd+14
; end of ?ICS?lstr1_lcd
;lcd.c,0 :: ?ICS_arrosageClrCount
0x053E	0x3400 ;?ICS_arrosageClrCount+0
0x053F	0x3400 ;?ICS_arrosageClrCount+1
; end of ?ICS_arrosageClrCount
;lcd.c,0 :: ?ICS_startPanne
0x0540	0x3400 ;?ICS_startPanne+0
0x0541	0x3400 ;?ICS_startPanne+1
; end of ?ICS_startPanne
;lcd.c,0 :: ?ICS_timerConsulter
0x0542	0x3493 ;?ICS_timerConsulter+0
0x0543	0x3403 ;?ICS_timerConsulter+1
; end of ?ICS_timerConsulter
;lcd.c,0 :: ?ICS_consulterTest
0x0544	0x3400 ;?ICS_consulterTest+0
0x0545	0x3400 ;?ICS_consulterTest+1
; end of ?ICS_consulterTest
;lcd.c,0 :: ?ICS_timerBippeur
0x0546	0x34E1 ;?ICS_timerBippeur+0
0x0547	0x3411 ;?ICS_timerBippeur+1
; end of ?ICS_timerBippeur
;__Lib_ADC_A_C.c,0 :: ?ICS_vref_mask
0x0548	0x340F ;?ICS_vref_mask+0
; end of ?ICS_vref_mask
;lcd.c,0 :: ?ICS?lstr8_lcd
0x0549	0x3453 ;?ICS?lstr8_lcd+0
0x054A	0x344D ;?ICS?lstr8_lcd+1
0x054B	0x3441 ;?ICS?lstr8_lcd+2
0x054C	0x3452 ;?ICS?lstr8_lcd+3
0x054D	0x3454 ;?ICS?lstr8_lcd+4
0x054E	0x3420 ;?ICS?lstr8_lcd+5
0x054F	0x3447 ;?ICS?lstr8_lcd+6
0x0550	0x3441 ;?ICS?lstr8_lcd+7
0x0551	0x3452 ;?ICS?lstr8_lcd+8
0x0552	0x3444 ;?ICS?lstr8_lcd+9
0x0553	0x3445 ;?ICS?lstr8_lcd+10
0x0554	0x344E ;?ICS?lstr8_lcd+11
0x0555	0x3400 ;?ICS?lstr8_lcd+12
; end of ?ICS?lstr8_lcd
;lcd.c,0 :: ?ICS_testFinArrosage
0x0556	0x3400 ;?ICS_testFinArrosage+0
0x0557	0x3400 ;?ICS_testFinArrosage+1
; end of ?ICS_testFinArrosage
;lcd.c,0 :: ?ICS_testArrosage
0x0558	0x3400 ;?ICS_testArrosage+0
0x0559	0x3400 ;?ICS_testArrosage+1
; end of ?ICS_testArrosage
;lcd.c,0 :: ?ICS?lstr9_lcd
0x055A	0x3442 ;?ICS?lstr9_lcd+0
0x055B	0x3479 ;?ICS?lstr9_lcd+1
0x055C	0x3420 ;?ICS?lstr9_lcd+2
0x055D	0x3432 ;?ICS?lstr9_lcd+3
0x055E	0x3441 ;?ICS?lstr9_lcd+4
0x055F	0x3435 ;?ICS?lstr9_lcd+5
0x0560	0x3400 ;?ICS?lstr9_lcd+6
; end of ?ICS?lstr9_lcd
Symbol List:
//** Routines locations **
//ADDRESS    SIZE    PROCEDURE
//----------------------------------------------
0x0004     [109]    _interrupt
0x0071       [8]    _Delay_50us
0x0079      [11]    _Delay_5500us
0x0084       [2]    _Delay_1us
0x0086      [29]    _Div_16X16_U
0x00A3      [94]    _Lcd_Cmd
0x0101      [66]    _WordToStr
0x0143       [9]    _Lcd_Chr_CP
0x014C       [7]    _Delay_22us
0x0153      [13]    _EEPROM_Read
0x0160      [65]    _Lcd_Out
0x01A1       [7]    _____DoICP
0x01A8      [40]    _ADC_Read
0x01D0     [106]    _IntToStr
0x023A      [38]    _finArrosage
0x0260      [52]    _consulter
0x0294      [12]    _panne
0x02A0      [31]    _arrosage
0x02BF      [34]    _bipeur
0x02E1      [79]    _Lcd_Init
0x0330      [23]    _ADC_Init
0x0347      [12]    ___CC2DW
0x0353      [51]    _readHumidity
0x0386      [35]    _EEPROM_Write
0x03A9     [324]    _main
//** Variables locations ** 
//ADDRESS    SIZE    VARIABLE
//----------------------------------------------
0x0000       [1]    INDF
0x0001       [1]    TMR0
0x0002       [1]    PCL
0x0003       [1]    STATUS
0x0004       [1]    FSR
0x0006       [1]    PORTB
0x0008       [0]    LCD_RS
0x0008       [0]    LCD_D4
0x0008       [1]    PORTD
0x0008       [0]    LCD_EN
0x0008       [0]    LCD_D5
0x0008       [0]    LCD_D6
0x0008       [0]    LCD_D7
0x0008       [0]    RD0_bit
0x0008       [0]    RD5_bit
0x0008       [0]    RD4_bit
0x0008       [0]    RD1_bit
0x0008       [0]    RD2_bit
0x0008       [0]    RD3_bit
0x000A       [1]    PCLATH
0x000B       [1]    INTCON
0x001E       [1]    ADRESH
0x001F       [1]    ADCON0
0x0021      [10]    ?lstr6_lcd
0x002B       [2]    _consulterClrCount
0x002D      [13]    ?lstr2_lcd
0x003A       [8]    ?lstr7_lcd
0x0042      [17]    ?lstr4_lcd
0x0053       [6]    ?lstr3_lcd
0x0059       [2]    _finArrosageClrCount
0x005B       [2]    _nb_panne
0x005D      [15]    ?lstr1_lcd
0x006C       [2]    _arrosageClrCount
0x006E       [2]    _startPanne
0x0070       [1]    R0
0x0071       [1]    R1
0x0072       [1]    R2
0x0073       [1]    R3
0x0074       [1]    R4
0x0075       [1]    R5
0x0076       [1]    R6
0x0077       [1]    R7
0x0078       [1]    R8
0x0079       [1]    R9
0x007A       [1]    R10
0x007B       [1]    R11
0x007C       [1]    R12
0x007D       [1]    R13
0x007E       [1]    R14
0x007F       [1]    R15
0x0081       [1]    OPTION_REG
0x0086       [1]    TRISB
0x0088       [0]    TRISD5_bit
0x0088       [0]    LCD_EN_Direction
0x0088       [0]    LCD_RS_Direction
0x0088       [0]    TRISD3_bit
0x0088       [0]    TRISD4_bit
0x0088       [0]    TRISD2_bit
0x0088       [0]    TRISD0_bit
0x0088       [0]    TRISD1_bit
0x0088       [0]    LCD_D7_Direction
0x0088       [1]    TRISD
0x0088       [0]    LCD_D6_Direction
0x0088       [0]    LCD_D4_Direction
0x0088       [0]    LCD_D5_Direction
0x009E       [1]    ADRESL
0x009F       [1]    ADCON1
0x00A0       [2]    _timerConsulter
0x00A2       [2]    _consulterTest
0x00A4       [2]    _timerBippeur
0x00A6       [1]    _vref_mask
0x00A7      [13]    ?lstr8_lcd
0x00B4       [2]    _testFinArrosage
0x00B6       [2]    _testArrosage
0x00B8       [7]    ?lstr9_lcd
0x00BF      [15]    _panneStr
0x00CE       [2]    _hum
0x00D0       [2]    ___DoICPAddr
0x00D2       [0]    __Lib_Lcd_cmd_status
0x00D3       [3]    _ADC_Get_Sample_Ptr
0x00D6       [1]    ___saveSTATUS
0x00D7       [1]    ___savePCLATH
0x00D8       [1]    FARG_EEPROM_Write_Address
0x00D9       [1]    FARG_EEPROM_Write_data_
0x00DA       [1]    FARG_Lcd_Out_row
0x00DA       [1]    FARG_ADC_Read_channel
0x00DA       [2]    FARG_IntToStr_input
0x00DA       [1]    FARG_EEPROM_Read_Address
0x00DB       [1]    FARG_Lcd_Out_column
0x00DC       [1]    FARG_Lcd_Out_text
0x00DC       [1]    FARG_IntToStr_output
0x00DD       [1]    Lcd_Out_i_L0
0x00DD       [2]    IntToStr_i_L0
0x00DF       [2]    IntToStr_negative_L0
0x00E1       [2]    IntToStr_inword_L0
0x00E3       [1]    FARG_Lcd_Chr_CP_out_char
0x00E3       [2]    FARG_WordToStr_input
0x00E5       [1]    FARG_WordToStr_output
0x00E6       [1]    WordToStr_len_L0
0x00E7       [1]    FLOC__WordToStr
0x00E8       [1]    FARG_Lcd_Cmd_out_char
0x010C       [1]    EEDATA
0x010D       [1]    EEADR
0x018C       [1]    EECON1
0x018D       [1]    EECON2
//** Constants locations ** 
//ADDRESS    SIZE    CONSTANT
//----------------------------------------------
0x04F3      [10]    ?ICS?lstr6_lcd
0x04FD       [2]    ?ICS_consulterClrCount
0x04FF      [13]    ?ICS?lstr2_lcd
0x050C       [8]    ?ICS?lstr7_lcd
0x0514      [17]    ?ICS?lstr4_lcd
0x0525       [6]    ?ICS?lstr3_lcd
0x052B       [2]    ?ICS_finArrosageClrCount
0x052D       [2]    ?ICS_nb_panne
0x052F      [15]    ?ICS?lstr1_lcd
0x053E       [2]    ?ICS_arrosageClrCount
0x0540       [2]    ?ICS_startPanne
0x0542       [2]    ?ICS_timerConsulter
0x0544       [2]    ?ICS_consulterTest
0x0546       [2]    ?ICS_timerBippeur
0x0548       [1]    ?ICS_vref_mask
0x0549      [13]    ?ICS?lstr8_lcd
0x0556       [2]    ?ICS_testFinArrosage
0x0558       [2]    ?ICS_testArrosage
0x055A       [7]    ?ICS?lstr9_lcd
